DEBUG - 2025-12-02 06:01:24 --> Session: Class initialized using 'App\Libraries\CustomSessionHandler' driver.
DEBUG - 2025-12-02 06:01:24 --> Session: Class initialized using 'App\Libraries\CustomSessionHandler' driver.
DEBUG - 2025-12-02 06:01:26 --> Session: Class initialized using 'App\Libraries\CustomSessionHandler' driver.
DEBUG - 2025-12-02 06:01:29 --> Session: Class initialized using 'App\Libraries\CustomSessionHandler' driver.
DEBUG - 2025-12-02 06:01:31 --> Session: Class initialized using 'App\Libraries\CustomSessionHandler' driver.
DEBUG - 2025-12-02 06:03:14 --> Session: Class initialized using 'App\Libraries\CustomSessionHandler' driver.
DEBUG - 2025-12-02 06:12:42 --> Session: Class initialized using 'App\Libraries\CustomSessionHandler' driver.
DEBUG - 2025-12-02 06:12:44 --> Session: Class initialized using 'App\Libraries\CustomSessionHandler' driver.
DEBUG - 2025-12-02 06:13:20 --> Session: Class initialized using 'App\Libraries\CustomSessionHandler' driver.
DEBUG - 2025-12-02 06:39:11 --> Session: Class initialized using 'App\Libraries\CustomSessionHandler' driver.
DEBUG - 2025-12-02 06:39:15 --> Session: Class initialized using 'App\Libraries\CustomSessionHandler' driver.
DEBUG - 2025-12-02 06:40:09 --> Session: Class initialized using 'App\Libraries\CustomSessionHandler' driver.
DEBUG - 2025-12-02 06:40:15 --> Session: Class initialized using 'App\Libraries\CustomSessionHandler' driver.
DEBUG - 2025-12-02 06:40:16 --> Session: Class initialized using 'App\Libraries\CustomSessionHandler' driver.
DEBUG - 2025-12-02 06:40:17 --> Session: Class initialized using 'App\Libraries\CustomSessionHandler' driver.
ERROR - 2025-12-02 06:40:17 --> mysqli_sql_exception: Table 'lms_maca.notifications' doesn't exist in C:\xampp\htdocs\ITE311-MACA\system\Database\MySQLi\Connection.php:327
Stack trace:
#0 C:\xampp\htdocs\ITE311-MACA\system\Database\MySQLi\Connection.php(327): mysqli->query('SELECT COUNT(*)...', 0)
#1 C:\xampp\htdocs\ITE311-MACA\system\Database\BaseConnection.php(729): CodeIgniter\Database\MySQLi\Connection->execute('SELECT COUNT(*)...')
#2 C:\xampp\htdocs\ITE311-MACA\system\Database\BaseConnection.php(646): CodeIgniter\Database\BaseConnection->simpleQuery('SELECT COUNT(*)...')
#3 C:\xampp\htdocs\ITE311-MACA\system\Database\BaseBuilder.php(1733): CodeIgniter\Database\BaseConnection->query('SELECT COUNT(*)...', Array, false)
#4 C:\xampp\htdocs\ITE311-MACA\system\Model.php(675): CodeIgniter\Database\BaseBuilder->countAllResults(true)
#5 C:\xampp\htdocs\ITE311-MACA\app\Models\NotificationModel.php(23): CodeIgniter\Model->countAllResults()
#6 C:\xampp\htdocs\ITE311-MACA\app\Controllers\Notifications.php(27): App\Models\NotificationModel->getUnreadCount(1)
#7 C:\xampp\htdocs\ITE311-MACA\system\CodeIgniter.php(933): App\Controllers\Notifications->get()
#8 C:\xampp\htdocs\ITE311-MACA\system\CodeIgniter.php(507): CodeIgniter\CodeIgniter->runController(Object(App\Controllers\Notifications))
#9 C:\xampp\htdocs\ITE311-MACA\system\CodeIgniter.php(354): CodeIgniter\CodeIgniter->handleRequest(NULL, Object(Config\Cache), false)
#10 C:\xampp\htdocs\ITE311-MACA\system\Boot.php(363): CodeIgniter\CodeIgniter->run()
#11 C:\xampp\htdocs\ITE311-MACA\system\Boot.php(68): CodeIgniter\Boot::runCodeIgniter(Object(CodeIgniter\CodeIgniter))
#12 C:\xampp\htdocs\ITE311-MACA\public\index.php(59): CodeIgniter\Boot::bootWeb(Object(Config\Paths))
#13 C:\xampp\htdocs\ITE311-MACA\system\rewrite.php(64): require('C:\\xampp\\htdocs...')
#14 {main}
CRITICAL - 2025-12-02 06:40:17 --> CodeIgniter\Database\Exceptions\DatabaseException: Table 'lms_maca.notifications' doesn't exist
[Method: GET, Route: notifications]
in SYSTEMPATH\Database\BaseConnection.php on line 684.
 1 SYSTEMPATH\Database\BaseBuilder.php(1733): CodeIgniter\Database\BaseConnection->query('SELECT COUNT(*) AS `numrows`
FROM `notifications`
WHERE `user_id` = :user_id:
AND `is_read` = :is_read:', [...], false)
 2 SYSTEMPATH\Model.php(675): CodeIgniter\Database\BaseBuilder->countAllResults(true)
 3 APPPATH\Models\NotificationModel.php(23): CodeIgniter\Model->countAllResults()
 4 APPPATH\Controllers\Notifications.php(27): App\Models\NotificationModel->getUnreadCount(1)
 5 SYSTEMPATH\CodeIgniter.php(933): App\Controllers\Notifications->get()
 6 SYSTEMPATH\CodeIgniter.php(507): CodeIgniter\CodeIgniter->runController(Object(App\Controllers\Notifications))
 7 SYSTEMPATH\CodeIgniter.php(354): CodeIgniter\CodeIgniter->handleRequest(null, Object(Config\Cache), false)
 8 SYSTEMPATH\Boot.php(363): CodeIgniter\CodeIgniter->run()
 9 SYSTEMPATH\Boot.php(68): CodeIgniter\Boot::runCodeIgniter(Object(CodeIgniter\CodeIgniter))
10 FCPATH\index.php(59): CodeIgniter\Boot::bootWeb(Object(Config\Paths))
11 SYSTEMPATH\rewrite.php(64): require('C:\\xampp\\htdocs\\ITE311-MACA\\public\\index.php')
CRITICAL - 2025-12-02 06:40:17 --> [Caused by] CodeIgniter\Database\Exceptions\DatabaseException: Table 'lms_maca.notifications' doesn't exist
in SYSTEMPATH\Database\MySQLi\Connection.php on line 332.
 1 SYSTEMPATH\Database\BaseConnection.php(729): CodeIgniter\Database\MySQLi\Connection->execute('SELECT COUNT(*) AS `numrows`
FROM `notifications`
WHERE `user_id` = 1
AND `is_read` = 0')
 2 SYSTEMPATH\Database\BaseConnection.php(646): CodeIgniter\Database\BaseConnection->simpleQuery('SELECT COUNT(*) AS `numrows`
FROM `notifications`
WHERE `user_id` = 1
AND `is_read` = 0')
 3 SYSTEMPATH\Database\BaseBuilder.php(1733): CodeIgniter\Database\BaseConnection->query('SELECT COUNT(*) AS `numrows`
FROM `notifications`
WHERE `user_id` = :user_id:
AND `is_read` = :is_read:', [...], false)
 4 SYSTEMPATH\Model.php(675): CodeIgniter\Database\BaseBuilder->countAllResults(true)
 5 APPPATH\Models\NotificationModel.php(23): CodeIgniter\Model->countAllResults()
 6 APPPATH\Controllers\Notifications.php(27): App\Models\NotificationModel->getUnreadCount(1)
 7 SYSTEMPATH\CodeIgniter.php(933): App\Controllers\Notifications->get()
 8 SYSTEMPATH\CodeIgniter.php(507): CodeIgniter\CodeIgniter->runController(Object(App\Controllers\Notifications))
 9 SYSTEMPATH\CodeIgniter.php(354): CodeIgniter\CodeIgniter->handleRequest(null, Object(Config\Cache), false)
10 SYSTEMPATH\Boot.php(363): CodeIgniter\CodeIgniter->run()
11 SYSTEMPATH\Boot.php(68): CodeIgniter\Boot::runCodeIgniter(Object(CodeIgniter\CodeIgniter))
12 FCPATH\index.php(59): CodeIgniter\Boot::bootWeb(Object(Config\Paths))
13 SYSTEMPATH\rewrite.php(64): require('C:\\xampp\\htdocs\\ITE311-MACA\\public\\index.php')
CRITICAL - 2025-12-02 06:40:17 --> [Caused by] mysqli_sql_exception: Table 'lms_maca.notifications' doesn't exist
in SYSTEMPATH\Database\MySQLi\Connection.php on line 327.
 1 SYSTEMPATH\Database\MySQLi\Connection.php(327): mysqli->query('SELECT COUNT(*) AS `numrows`
FROM `notifications`
WHERE `user_id` = 1
AND `is_read` = 0', 0)
 2 SYSTEMPATH\Database\BaseConnection.php(729): CodeIgniter\Database\MySQLi\Connection->execute('SELECT COUNT(*) AS `numrows`
FROM `notifications`
WHERE `user_id` = 1
AND `is_read` = 0')
 3 SYSTEMPATH\Database\BaseConnection.php(646): CodeIgniter\Database\BaseConnection->simpleQuery('SELECT COUNT(*) AS `numrows`
FROM `notifications`
WHERE `user_id` = 1
AND `is_read` = 0')
 4 SYSTEMPATH\Database\BaseBuilder.php(1733): CodeIgniter\Database\BaseConnection->query('SELECT COUNT(*) AS `numrows`
FROM `notifications`
WHERE `user_id` = :user_id:
AND `is_read` = :is_read:', [...], false)
 5 SYSTEMPATH\Model.php(675): CodeIgniter\Database\BaseBuilder->countAllResults(true)
 6 APPPATH\Models\NotificationModel.php(23): CodeIgniter\Model->countAllResults()
 7 APPPATH\Controllers\Notifications.php(27): App\Models\NotificationModel->getUnreadCount(1)
 8 SYSTEMPATH\CodeIgniter.php(933): App\Controllers\Notifications->get()
 9 SYSTEMPATH\CodeIgniter.php(507): CodeIgniter\CodeIgniter->runController(Object(App\Controllers\Notifications))
10 SYSTEMPATH\CodeIgniter.php(354): CodeIgniter\CodeIgniter->handleRequest(null, Object(Config\Cache), false)
11 SYSTEMPATH\Boot.php(363): CodeIgniter\CodeIgniter->run()
12 SYSTEMPATH\Boot.php(68): CodeIgniter\Boot::runCodeIgniter(Object(CodeIgniter\CodeIgniter))
13 FCPATH\index.php(59): CodeIgniter\Boot::bootWeb(Object(Config\Paths))
14 SYSTEMPATH\rewrite.php(64): require('C:\\xampp\\htdocs\\ITE311-MACA\\public\\index.php')
DEBUG - 2025-12-02 06:40:22 --> Session: Class initialized using 'App\Libraries\CustomSessionHandler' driver.
DEBUG - 2025-12-02 06:40:22 --> Session: Class initialized using 'App\Libraries\CustomSessionHandler' driver.
ERROR - 2025-12-02 06:40:22 --> mysqli_sql_exception: Table 'lms_maca.notifications' doesn't exist in C:\xampp\htdocs\ITE311-MACA\system\Database\MySQLi\Connection.php:327
Stack trace:
#0 C:\xampp\htdocs\ITE311-MACA\system\Database\MySQLi\Connection.php(327): mysqli->query('SELECT COUNT(*)...', 0)
#1 C:\xampp\htdocs\ITE311-MACA\system\Database\BaseConnection.php(729): CodeIgniter\Database\MySQLi\Connection->execute('SELECT COUNT(*)...')
#2 C:\xampp\htdocs\ITE311-MACA\system\Database\BaseConnection.php(646): CodeIgniter\Database\BaseConnection->simpleQuery('SELECT COUNT(*)...')
#3 C:\xampp\htdocs\ITE311-MACA\system\Database\BaseBuilder.php(1733): CodeIgniter\Database\BaseConnection->query('SELECT COUNT(*)...', Array, false)
#4 C:\xampp\htdocs\ITE311-MACA\system\Model.php(675): CodeIgniter\Database\BaseBuilder->countAllResults(true)
#5 C:\xampp\htdocs\ITE311-MACA\app\Models\NotificationModel.php(23): CodeIgniter\Model->countAllResults()
#6 C:\xampp\htdocs\ITE311-MACA\app\Controllers\Notifications.php(27): App\Models\NotificationModel->getUnreadCount(1)
#7 C:\xampp\htdocs\ITE311-MACA\system\CodeIgniter.php(933): App\Controllers\Notifications->get()
#8 C:\xampp\htdocs\ITE311-MACA\system\CodeIgniter.php(507): CodeIgniter\CodeIgniter->runController(Object(App\Controllers\Notifications))
#9 C:\xampp\htdocs\ITE311-MACA\system\CodeIgniter.php(354): CodeIgniter\CodeIgniter->handleRequest(NULL, Object(Config\Cache), false)
#10 C:\xampp\htdocs\ITE311-MACA\system\Boot.php(363): CodeIgniter\CodeIgniter->run()
#11 C:\xampp\htdocs\ITE311-MACA\system\Boot.php(68): CodeIgniter\Boot::runCodeIgniter(Object(CodeIgniter\CodeIgniter))
#12 C:\xampp\htdocs\ITE311-MACA\public\index.php(59): CodeIgniter\Boot::bootWeb(Object(Config\Paths))
#13 C:\xampp\htdocs\ITE311-MACA\system\rewrite.php(64): require('C:\\xampp\\htdocs...')
#14 {main}
CRITICAL - 2025-12-02 06:40:22 --> CodeIgniter\Database\Exceptions\DatabaseException: Table 'lms_maca.notifications' doesn't exist
[Method: GET, Route: notifications]
in SYSTEMPATH\Database\BaseConnection.php on line 684.
 1 SYSTEMPATH\Database\BaseBuilder.php(1733): CodeIgniter\Database\BaseConnection->query('SELECT COUNT(*) AS `numrows`
FROM `notifications`
WHERE `user_id` = :user_id:
AND `is_read` = :is_read:', [...], false)
 2 SYSTEMPATH\Model.php(675): CodeIgniter\Database\BaseBuilder->countAllResults(true)
 3 APPPATH\Models\NotificationModel.php(23): CodeIgniter\Model->countAllResults()
 4 APPPATH\Controllers\Notifications.php(27): App\Models\NotificationModel->getUnreadCount(1)
 5 SYSTEMPATH\CodeIgniter.php(933): App\Controllers\Notifications->get()
 6 SYSTEMPATH\CodeIgniter.php(507): CodeIgniter\CodeIgniter->runController(Object(App\Controllers\Notifications))
 7 SYSTEMPATH\CodeIgniter.php(354): CodeIgniter\CodeIgniter->handleRequest(null, Object(Config\Cache), false)
 8 SYSTEMPATH\Boot.php(363): CodeIgniter\CodeIgniter->run()
 9 SYSTEMPATH\Boot.php(68): CodeIgniter\Boot::runCodeIgniter(Object(CodeIgniter\CodeIgniter))
10 FCPATH\index.php(59): CodeIgniter\Boot::bootWeb(Object(Config\Paths))
11 SYSTEMPATH\rewrite.php(64): require('C:\\xampp\\htdocs\\ITE311-MACA\\public\\index.php')
CRITICAL - 2025-12-02 06:40:22 --> [Caused by] CodeIgniter\Database\Exceptions\DatabaseException: Table 'lms_maca.notifications' doesn't exist
in SYSTEMPATH\Database\MySQLi\Connection.php on line 332.
 1 SYSTEMPATH\Database\BaseConnection.php(729): CodeIgniter\Database\MySQLi\Connection->execute('SELECT COUNT(*) AS `numrows`
FROM `notifications`
WHERE `user_id` = 1
AND `is_read` = 0')
 2 SYSTEMPATH\Database\BaseConnection.php(646): CodeIgniter\Database\BaseConnection->simpleQuery('SELECT COUNT(*) AS `numrows`
FROM `notifications`
WHERE `user_id` = 1
AND `is_read` = 0')
 3 SYSTEMPATH\Database\BaseBuilder.php(1733): CodeIgniter\Database\BaseConnection->query('SELECT COUNT(*) AS `numrows`
FROM `notifications`
WHERE `user_id` = :user_id:
AND `is_read` = :is_read:', [...], false)
 4 SYSTEMPATH\Model.php(675): CodeIgniter\Database\BaseBuilder->countAllResults(true)
 5 APPPATH\Models\NotificationModel.php(23): CodeIgniter\Model->countAllResults()
 6 APPPATH\Controllers\Notifications.php(27): App\Models\NotificationModel->getUnreadCount(1)
 7 SYSTEMPATH\CodeIgniter.php(933): App\Controllers\Notifications->get()
 8 SYSTEMPATH\CodeIgniter.php(507): CodeIgniter\CodeIgniter->runController(Object(App\Controllers\Notifications))
 9 SYSTEMPATH\CodeIgniter.php(354): CodeIgniter\CodeIgniter->handleRequest(null, Object(Config\Cache), false)
10 SYSTEMPATH\Boot.php(363): CodeIgniter\CodeIgniter->run()
11 SYSTEMPATH\Boot.php(68): CodeIgniter\Boot::runCodeIgniter(Object(CodeIgniter\CodeIgniter))
12 FCPATH\index.php(59): CodeIgniter\Boot::bootWeb(Object(Config\Paths))
13 SYSTEMPATH\rewrite.php(64): require('C:\\xampp\\htdocs\\ITE311-MACA\\public\\index.php')
CRITICAL - 2025-12-02 06:40:22 --> [Caused by] mysqli_sql_exception: Table 'lms_maca.notifications' doesn't exist
in SYSTEMPATH\Database\MySQLi\Connection.php on line 327.
 1 SYSTEMPATH\Database\MySQLi\Connection.php(327): mysqli->query('SELECT COUNT(*) AS `numrows`
FROM `notifications`
WHERE `user_id` = 1
AND `is_read` = 0', 0)
 2 SYSTEMPATH\Database\BaseConnection.php(729): CodeIgniter\Database\MySQLi\Connection->execute('SELECT COUNT(*) AS `numrows`
FROM `notifications`
WHERE `user_id` = 1
AND `is_read` = 0')
 3 SYSTEMPATH\Database\BaseConnection.php(646): CodeIgniter\Database\BaseConnection->simpleQuery('SELECT COUNT(*) AS `numrows`
FROM `notifications`
WHERE `user_id` = 1
AND `is_read` = 0')
 4 SYSTEMPATH\Database\BaseBuilder.php(1733): CodeIgniter\Database\BaseConnection->query('SELECT COUNT(*) AS `numrows`
FROM `notifications`
WHERE `user_id` = :user_id:
AND `is_read` = :is_read:', [...], false)
 5 SYSTEMPATH\Model.php(675): CodeIgniter\Database\BaseBuilder->countAllResults(true)
 6 APPPATH\Models\NotificationModel.php(23): CodeIgniter\Model->countAllResults()
 7 APPPATH\Controllers\Notifications.php(27): App\Models\NotificationModel->getUnreadCount(1)
 8 SYSTEMPATH\CodeIgniter.php(933): App\Controllers\Notifications->get()
 9 SYSTEMPATH\CodeIgniter.php(507): CodeIgniter\CodeIgniter->runController(Object(App\Controllers\Notifications))
10 SYSTEMPATH\CodeIgniter.php(354): CodeIgniter\CodeIgniter->handleRequest(null, Object(Config\Cache), false)
11 SYSTEMPATH\Boot.php(363): CodeIgniter\CodeIgniter->run()
12 SYSTEMPATH\Boot.php(68): CodeIgniter\Boot::runCodeIgniter(Object(CodeIgniter\CodeIgniter))
13 FCPATH\index.php(59): CodeIgniter\Boot::bootWeb(Object(Config\Paths))
14 SYSTEMPATH\rewrite.php(64): require('C:\\xampp\\htdocs\\ITE311-MACA\\public\\index.php')
DEBUG - 2025-12-02 06:40:25 --> Session: Class initialized using 'App\Libraries\CustomSessionHandler' driver.
DEBUG - 2025-12-02 06:40:26 --> Session: Class initialized using 'App\Libraries\CustomSessionHandler' driver.
ERROR - 2025-12-02 06:40:26 --> mysqli_sql_exception: Table 'lms_maca.notifications' doesn't exist in C:\xampp\htdocs\ITE311-MACA\system\Database\MySQLi\Connection.php:327
Stack trace:
#0 C:\xampp\htdocs\ITE311-MACA\system\Database\MySQLi\Connection.php(327): mysqli->query('SELECT COUNT(*)...', 0)
#1 C:\xampp\htdocs\ITE311-MACA\system\Database\BaseConnection.php(729): CodeIgniter\Database\MySQLi\Connection->execute('SELECT COUNT(*)...')
#2 C:\xampp\htdocs\ITE311-MACA\system\Database\BaseConnection.php(646): CodeIgniter\Database\BaseConnection->simpleQuery('SELECT COUNT(*)...')
#3 C:\xampp\htdocs\ITE311-MACA\system\Database\BaseBuilder.php(1733): CodeIgniter\Database\BaseConnection->query('SELECT COUNT(*)...', Array, false)
#4 C:\xampp\htdocs\ITE311-MACA\system\Model.php(675): CodeIgniter\Database\BaseBuilder->countAllResults(true)
#5 C:\xampp\htdocs\ITE311-MACA\app\Models\NotificationModel.php(23): CodeIgniter\Model->countAllResults()
#6 C:\xampp\htdocs\ITE311-MACA\app\Controllers\Notifications.php(27): App\Models\NotificationModel->getUnreadCount(1)
#7 C:\xampp\htdocs\ITE311-MACA\system\CodeIgniter.php(933): App\Controllers\Notifications->get()
#8 C:\xampp\htdocs\ITE311-MACA\system\CodeIgniter.php(507): CodeIgniter\CodeIgniter->runController(Object(App\Controllers\Notifications))
#9 C:\xampp\htdocs\ITE311-MACA\system\CodeIgniter.php(354): CodeIgniter\CodeIgniter->handleRequest(NULL, Object(Config\Cache), false)
#10 C:\xampp\htdocs\ITE311-MACA\system\Boot.php(363): CodeIgniter\CodeIgniter->run()
#11 C:\xampp\htdocs\ITE311-MACA\system\Boot.php(68): CodeIgniter\Boot::runCodeIgniter(Object(CodeIgniter\CodeIgniter))
#12 C:\xampp\htdocs\ITE311-MACA\public\index.php(59): CodeIgniter\Boot::bootWeb(Object(Config\Paths))
#13 C:\xampp\htdocs\ITE311-MACA\system\rewrite.php(64): require('C:\\xampp\\htdocs...')
#14 {main}
CRITICAL - 2025-12-02 06:40:26 --> CodeIgniter\Database\Exceptions\DatabaseException: Table 'lms_maca.notifications' doesn't exist
[Method: GET, Route: notifications]
in SYSTEMPATH\Database\BaseConnection.php on line 684.
 1 SYSTEMPATH\Database\BaseBuilder.php(1733): CodeIgniter\Database\BaseConnection->query('SELECT COUNT(*) AS `numrows`
FROM `notifications`
WHERE `user_id` = :user_id:
AND `is_read` = :is_read:', [...], false)
 2 SYSTEMPATH\Model.php(675): CodeIgniter\Database\BaseBuilder->countAllResults(true)
 3 APPPATH\Models\NotificationModel.php(23): CodeIgniter\Model->countAllResults()
 4 APPPATH\Controllers\Notifications.php(27): App\Models\NotificationModel->getUnreadCount(1)
 5 SYSTEMPATH\CodeIgniter.php(933): App\Controllers\Notifications->get()
 6 SYSTEMPATH\CodeIgniter.php(507): CodeIgniter\CodeIgniter->runController(Object(App\Controllers\Notifications))
 7 SYSTEMPATH\CodeIgniter.php(354): CodeIgniter\CodeIgniter->handleRequest(null, Object(Config\Cache), false)
 8 SYSTEMPATH\Boot.php(363): CodeIgniter\CodeIgniter->run()
 9 SYSTEMPATH\Boot.php(68): CodeIgniter\Boot::runCodeIgniter(Object(CodeIgniter\CodeIgniter))
10 FCPATH\index.php(59): CodeIgniter\Boot::bootWeb(Object(Config\Paths))
11 SYSTEMPATH\rewrite.php(64): require('C:\\xampp\\htdocs\\ITE311-MACA\\public\\index.php')
CRITICAL - 2025-12-02 06:40:26 --> [Caused by] CodeIgniter\Database\Exceptions\DatabaseException: Table 'lms_maca.notifications' doesn't exist
in SYSTEMPATH\Database\MySQLi\Connection.php on line 332.
 1 SYSTEMPATH\Database\BaseConnection.php(729): CodeIgniter\Database\MySQLi\Connection->execute('SELECT COUNT(*) AS `numrows`
FROM `notifications`
WHERE `user_id` = 1
AND `is_read` = 0')
 2 SYSTEMPATH\Database\BaseConnection.php(646): CodeIgniter\Database\BaseConnection->simpleQuery('SELECT COUNT(*) AS `numrows`
FROM `notifications`
WHERE `user_id` = 1
AND `is_read` = 0')
 3 SYSTEMPATH\Database\BaseBuilder.php(1733): CodeIgniter\Database\BaseConnection->query('SELECT COUNT(*) AS `numrows`
FROM `notifications`
WHERE `user_id` = :user_id:
AND `is_read` = :is_read:', [...], false)
 4 SYSTEMPATH\Model.php(675): CodeIgniter\Database\BaseBuilder->countAllResults(true)
 5 APPPATH\Models\NotificationModel.php(23): CodeIgniter\Model->countAllResults()
 6 APPPATH\Controllers\Notifications.php(27): App\Models\NotificationModel->getUnreadCount(1)
 7 SYSTEMPATH\CodeIgniter.php(933): App\Controllers\Notifications->get()
 8 SYSTEMPATH\CodeIgniter.php(507): CodeIgniter\CodeIgniter->runController(Object(App\Controllers\Notifications))
 9 SYSTEMPATH\CodeIgniter.php(354): CodeIgniter\CodeIgniter->handleRequest(null, Object(Config\Cache), false)
10 SYSTEMPATH\Boot.php(363): CodeIgniter\CodeIgniter->run()
11 SYSTEMPATH\Boot.php(68): CodeIgniter\Boot::runCodeIgniter(Object(CodeIgniter\CodeIgniter))
12 FCPATH\index.php(59): CodeIgniter\Boot::bootWeb(Object(Config\Paths))
13 SYSTEMPATH\rewrite.php(64): require('C:\\xampp\\htdocs\\ITE311-MACA\\public\\index.php')
CRITICAL - 2025-12-02 06:40:26 --> [Caused by] mysqli_sql_exception: Table 'lms_maca.notifications' doesn't exist
in SYSTEMPATH\Database\MySQLi\Connection.php on line 327.
 1 SYSTEMPATH\Database\MySQLi\Connection.php(327): mysqli->query('SELECT COUNT(*) AS `numrows`
FROM `notifications`
WHERE `user_id` = 1
AND `is_read` = 0', 0)
 2 SYSTEMPATH\Database\BaseConnection.php(729): CodeIgniter\Database\MySQLi\Connection->execute('SELECT COUNT(*) AS `numrows`
FROM `notifications`
WHERE `user_id` = 1
AND `is_read` = 0')
 3 SYSTEMPATH\Database\BaseConnection.php(646): CodeIgniter\Database\BaseConnection->simpleQuery('SELECT COUNT(*) AS `numrows`
FROM `notifications`
WHERE `user_id` = 1
AND `is_read` = 0')
 4 SYSTEMPATH\Database\BaseBuilder.php(1733): CodeIgniter\Database\BaseConnection->query('SELECT COUNT(*) AS `numrows`
FROM `notifications`
WHERE `user_id` = :user_id:
AND `is_read` = :is_read:', [...], false)
 5 SYSTEMPATH\Model.php(675): CodeIgniter\Database\BaseBuilder->countAllResults(true)
 6 APPPATH\Models\NotificationModel.php(23): CodeIgniter\Model->countAllResults()
 7 APPPATH\Controllers\Notifications.php(27): App\Models\NotificationModel->getUnreadCount(1)
 8 SYSTEMPATH\CodeIgniter.php(933): App\Controllers\Notifications->get()
 9 SYSTEMPATH\CodeIgniter.php(507): CodeIgniter\CodeIgniter->runController(Object(App\Controllers\Notifications))
10 SYSTEMPATH\CodeIgniter.php(354): CodeIgniter\CodeIgniter->handleRequest(null, Object(Config\Cache), false)
11 SYSTEMPATH\Boot.php(363): CodeIgniter\CodeIgniter->run()
12 SYSTEMPATH\Boot.php(68): CodeIgniter\Boot::runCodeIgniter(Object(CodeIgniter\CodeIgniter))
13 FCPATH\index.php(59): CodeIgniter\Boot::bootWeb(Object(Config\Paths))
14 SYSTEMPATH\rewrite.php(64): require('C:\\xampp\\htdocs\\ITE311-MACA\\public\\index.php')
DEBUG - 2025-12-02 06:40:49 --> Session: Class initialized using 'App\Libraries\CustomSessionHandler' driver.
DEBUG - 2025-12-02 06:40:49 --> Session: Class initialized using 'App\Libraries\CustomSessionHandler' driver.
ERROR - 2025-12-02 06:40:50 --> mysqli_sql_exception: Table 'lms_maca.notifications' doesn't exist in C:\xampp\htdocs\ITE311-MACA\system\Database\MySQLi\Connection.php:327
Stack trace:
#0 C:\xampp\htdocs\ITE311-MACA\system\Database\MySQLi\Connection.php(327): mysqli->query('SELECT COUNT(*)...', 0)
#1 C:\xampp\htdocs\ITE311-MACA\system\Database\BaseConnection.php(729): CodeIgniter\Database\MySQLi\Connection->execute('SELECT COUNT(*)...')
#2 C:\xampp\htdocs\ITE311-MACA\system\Database\BaseConnection.php(646): CodeIgniter\Database\BaseConnection->simpleQuery('SELECT COUNT(*)...')
#3 C:\xampp\htdocs\ITE311-MACA\system\Database\BaseBuilder.php(1733): CodeIgniter\Database\BaseConnection->query('SELECT COUNT(*)...', Array, false)
#4 C:\xampp\htdocs\ITE311-MACA\system\Model.php(675): CodeIgniter\Database\BaseBuilder->countAllResults(true)
#5 C:\xampp\htdocs\ITE311-MACA\app\Models\NotificationModel.php(23): CodeIgniter\Model->countAllResults()
#6 C:\xampp\htdocs\ITE311-MACA\app\Controllers\Notifications.php(27): App\Models\NotificationModel->getUnreadCount(1)
#7 C:\xampp\htdocs\ITE311-MACA\system\CodeIgniter.php(933): App\Controllers\Notifications->get()
#8 C:\xampp\htdocs\ITE311-MACA\system\CodeIgniter.php(507): CodeIgniter\CodeIgniter->runController(Object(App\Controllers\Notifications))
#9 C:\xampp\htdocs\ITE311-MACA\system\CodeIgniter.php(354): CodeIgniter\CodeIgniter->handleRequest(NULL, Object(Config\Cache), false)
#10 C:\xampp\htdocs\ITE311-MACA\system\Boot.php(363): CodeIgniter\CodeIgniter->run()
#11 C:\xampp\htdocs\ITE311-MACA\system\Boot.php(68): CodeIgniter\Boot::runCodeIgniter(Object(CodeIgniter\CodeIgniter))
#12 C:\xampp\htdocs\ITE311-MACA\public\index.php(59): CodeIgniter\Boot::bootWeb(Object(Config\Paths))
#13 C:\xampp\htdocs\ITE311-MACA\system\rewrite.php(64): require('C:\\xampp\\htdocs...')
#14 {main}
CRITICAL - 2025-12-02 06:40:50 --> CodeIgniter\Database\Exceptions\DatabaseException: Table 'lms_maca.notifications' doesn't exist
[Method: GET, Route: notifications]
in SYSTEMPATH\Database\BaseConnection.php on line 684.
 1 SYSTEMPATH\Database\BaseBuilder.php(1733): CodeIgniter\Database\BaseConnection->query('SELECT COUNT(*) AS `numrows`
FROM `notifications`
WHERE `user_id` = :user_id:
AND `is_read` = :is_read:', [...], false)
 2 SYSTEMPATH\Model.php(675): CodeIgniter\Database\BaseBuilder->countAllResults(true)
 3 APPPATH\Models\NotificationModel.php(23): CodeIgniter\Model->countAllResults()
 4 APPPATH\Controllers\Notifications.php(27): App\Models\NotificationModel->getUnreadCount(1)
 5 SYSTEMPATH\CodeIgniter.php(933): App\Controllers\Notifications->get()
 6 SYSTEMPATH\CodeIgniter.php(507): CodeIgniter\CodeIgniter->runController(Object(App\Controllers\Notifications))
 7 SYSTEMPATH\CodeIgniter.php(354): CodeIgniter\CodeIgniter->handleRequest(null, Object(Config\Cache), false)
 8 SYSTEMPATH\Boot.php(363): CodeIgniter\CodeIgniter->run()
 9 SYSTEMPATH\Boot.php(68): CodeIgniter\Boot::runCodeIgniter(Object(CodeIgniter\CodeIgniter))
10 FCPATH\index.php(59): CodeIgniter\Boot::bootWeb(Object(Config\Paths))
11 SYSTEMPATH\rewrite.php(64): require('C:\\xampp\\htdocs\\ITE311-MACA\\public\\index.php')
CRITICAL - 2025-12-02 06:40:50 --> [Caused by] CodeIgniter\Database\Exceptions\DatabaseException: Table 'lms_maca.notifications' doesn't exist
in SYSTEMPATH\Database\MySQLi\Connection.php on line 332.
 1 SYSTEMPATH\Database\BaseConnection.php(729): CodeIgniter\Database\MySQLi\Connection->execute('SELECT COUNT(*) AS `numrows`
FROM `notifications`
WHERE `user_id` = 1
AND `is_read` = 0')
 2 SYSTEMPATH\Database\BaseConnection.php(646): CodeIgniter\Database\BaseConnection->simpleQuery('SELECT COUNT(*) AS `numrows`
FROM `notifications`
WHERE `user_id` = 1
AND `is_read` = 0')
 3 SYSTEMPATH\Database\BaseBuilder.php(1733): CodeIgniter\Database\BaseConnection->query('SELECT COUNT(*) AS `numrows`
FROM `notifications`
WHERE `user_id` = :user_id:
AND `is_read` = :is_read:', [...], false)
 4 SYSTEMPATH\Model.php(675): CodeIgniter\Database\BaseBuilder->countAllResults(true)
 5 APPPATH\Models\NotificationModel.php(23): CodeIgniter\Model->countAllResults()
 6 APPPATH\Controllers\Notifications.php(27): App\Models\NotificationModel->getUnreadCount(1)
 7 SYSTEMPATH\CodeIgniter.php(933): App\Controllers\Notifications->get()
 8 SYSTEMPATH\CodeIgniter.php(507): CodeIgniter\CodeIgniter->runController(Object(App\Controllers\Notifications))
 9 SYSTEMPATH\CodeIgniter.php(354): CodeIgniter\CodeIgniter->handleRequest(null, Object(Config\Cache), false)
10 SYSTEMPATH\Boot.php(363): CodeIgniter\CodeIgniter->run()
11 SYSTEMPATH\Boot.php(68): CodeIgniter\Boot::runCodeIgniter(Object(CodeIgniter\CodeIgniter))
12 FCPATH\index.php(59): CodeIgniter\Boot::bootWeb(Object(Config\Paths))
13 SYSTEMPATH\rewrite.php(64): require('C:\\xampp\\htdocs\\ITE311-MACA\\public\\index.php')
CRITICAL - 2025-12-02 06:40:50 --> [Caused by] mysqli_sql_exception: Table 'lms_maca.notifications' doesn't exist
in SYSTEMPATH\Database\MySQLi\Connection.php on line 327.
 1 SYSTEMPATH\Database\MySQLi\Connection.php(327): mysqli->query('SELECT COUNT(*) AS `numrows`
FROM `notifications`
WHERE `user_id` = 1
AND `is_read` = 0', 0)
 2 SYSTEMPATH\Database\BaseConnection.php(729): CodeIgniter\Database\MySQLi\Connection->execute('SELECT COUNT(*) AS `numrows`
FROM `notifications`
WHERE `user_id` = 1
AND `is_read` = 0')
 3 SYSTEMPATH\Database\BaseConnection.php(646): CodeIgniter\Database\BaseConnection->simpleQuery('SELECT COUNT(*) AS `numrows`
FROM `notifications`
WHERE `user_id` = 1
AND `is_read` = 0')
 4 SYSTEMPATH\Database\BaseBuilder.php(1733): CodeIgniter\Database\BaseConnection->query('SELECT COUNT(*) AS `numrows`
FROM `notifications`
WHERE `user_id` = :user_id:
AND `is_read` = :is_read:', [...], false)
 5 SYSTEMPATH\Model.php(675): CodeIgniter\Database\BaseBuilder->countAllResults(true)
 6 APPPATH\Models\NotificationModel.php(23): CodeIgniter\Model->countAllResults()
 7 APPPATH\Controllers\Notifications.php(27): App\Models\NotificationModel->getUnreadCount(1)
 8 SYSTEMPATH\CodeIgniter.php(933): App\Controllers\Notifications->get()
 9 SYSTEMPATH\CodeIgniter.php(507): CodeIgniter\CodeIgniter->runController(Object(App\Controllers\Notifications))
10 SYSTEMPATH\CodeIgniter.php(354): CodeIgniter\CodeIgniter->handleRequest(null, Object(Config\Cache), false)
11 SYSTEMPATH\Boot.php(363): CodeIgniter\CodeIgniter->run()
12 SYSTEMPATH\Boot.php(68): CodeIgniter\Boot::runCodeIgniter(Object(CodeIgniter\CodeIgniter))
13 FCPATH\index.php(59): CodeIgniter\Boot::bootWeb(Object(Config\Paths))
14 SYSTEMPATH\rewrite.php(64): require('C:\\xampp\\htdocs\\ITE311-MACA\\public\\index.php')
DEBUG - 2025-12-02 06:40:50 --> Session: Class initialized using 'App\Libraries\CustomSessionHandler' driver.
DEBUG - 2025-12-02 06:40:51 --> Session: Class initialized using 'App\Libraries\CustomSessionHandler' driver.
ERROR - 2025-12-02 06:40:51 --> mysqli_sql_exception: Table 'lms_maca.notifications' doesn't exist in C:\xampp\htdocs\ITE311-MACA\system\Database\MySQLi\Connection.php:327
Stack trace:
#0 C:\xampp\htdocs\ITE311-MACA\system\Database\MySQLi\Connection.php(327): mysqli->query('SELECT COUNT(*)...', 0)
#1 C:\xampp\htdocs\ITE311-MACA\system\Database\BaseConnection.php(729): CodeIgniter\Database\MySQLi\Connection->execute('SELECT COUNT(*)...')
#2 C:\xampp\htdocs\ITE311-MACA\system\Database\BaseConnection.php(646): CodeIgniter\Database\BaseConnection->simpleQuery('SELECT COUNT(*)...')
#3 C:\xampp\htdocs\ITE311-MACA\system\Database\BaseBuilder.php(1733): CodeIgniter\Database\BaseConnection->query('SELECT COUNT(*)...', Array, false)
#4 C:\xampp\htdocs\ITE311-MACA\system\Model.php(675): CodeIgniter\Database\BaseBuilder->countAllResults(true)
#5 C:\xampp\htdocs\ITE311-MACA\app\Models\NotificationModel.php(23): CodeIgniter\Model->countAllResults()
#6 C:\xampp\htdocs\ITE311-MACA\app\Controllers\Notifications.php(27): App\Models\NotificationModel->getUnreadCount(1)
#7 C:\xampp\htdocs\ITE311-MACA\system\CodeIgniter.php(933): App\Controllers\Notifications->get()
#8 C:\xampp\htdocs\ITE311-MACA\system\CodeIgniter.php(507): CodeIgniter\CodeIgniter->runController(Object(App\Controllers\Notifications))
#9 C:\xampp\htdocs\ITE311-MACA\system\CodeIgniter.php(354): CodeIgniter\CodeIgniter->handleRequest(NULL, Object(Config\Cache), false)
#10 C:\xampp\htdocs\ITE311-MACA\system\Boot.php(363): CodeIgniter\CodeIgniter->run()
#11 C:\xampp\htdocs\ITE311-MACA\system\Boot.php(68): CodeIgniter\Boot::runCodeIgniter(Object(CodeIgniter\CodeIgniter))
#12 C:\xampp\htdocs\ITE311-MACA\public\index.php(59): CodeIgniter\Boot::bootWeb(Object(Config\Paths))
#13 C:\xampp\htdocs\ITE311-MACA\system\rewrite.php(64): require('C:\\xampp\\htdocs...')
#14 {main}
CRITICAL - 2025-12-02 06:40:51 --> CodeIgniter\Database\Exceptions\DatabaseException: Table 'lms_maca.notifications' doesn't exist
[Method: GET, Route: notifications]
in SYSTEMPATH\Database\BaseConnection.php on line 684.
 1 SYSTEMPATH\Database\BaseBuilder.php(1733): CodeIgniter\Database\BaseConnection->query('SELECT COUNT(*) AS `numrows`
FROM `notifications`
WHERE `user_id` = :user_id:
AND `is_read` = :is_read:', [...], false)
 2 SYSTEMPATH\Model.php(675): CodeIgniter\Database\BaseBuilder->countAllResults(true)
 3 APPPATH\Models\NotificationModel.php(23): CodeIgniter\Model->countAllResults()
 4 APPPATH\Controllers\Notifications.php(27): App\Models\NotificationModel->getUnreadCount(1)
 5 SYSTEMPATH\CodeIgniter.php(933): App\Controllers\Notifications->get()
 6 SYSTEMPATH\CodeIgniter.php(507): CodeIgniter\CodeIgniter->runController(Object(App\Controllers\Notifications))
 7 SYSTEMPATH\CodeIgniter.php(354): CodeIgniter\CodeIgniter->handleRequest(null, Object(Config\Cache), false)
 8 SYSTEMPATH\Boot.php(363): CodeIgniter\CodeIgniter->run()
 9 SYSTEMPATH\Boot.php(68): CodeIgniter\Boot::runCodeIgniter(Object(CodeIgniter\CodeIgniter))
10 FCPATH\index.php(59): CodeIgniter\Boot::bootWeb(Object(Config\Paths))
11 SYSTEMPATH\rewrite.php(64): require('C:\\xampp\\htdocs\\ITE311-MACA\\public\\index.php')
CRITICAL - 2025-12-02 06:40:51 --> [Caused by] CodeIgniter\Database\Exceptions\DatabaseException: Table 'lms_maca.notifications' doesn't exist
in SYSTEMPATH\Database\MySQLi\Connection.php on line 332.
 1 SYSTEMPATH\Database\BaseConnection.php(729): CodeIgniter\Database\MySQLi\Connection->execute('SELECT COUNT(*) AS `numrows`
FROM `notifications`
WHERE `user_id` = 1
AND `is_read` = 0')
 2 SYSTEMPATH\Database\BaseConnection.php(646): CodeIgniter\Database\BaseConnection->simpleQuery('SELECT COUNT(*) AS `numrows`
FROM `notifications`
WHERE `user_id` = 1
AND `is_read` = 0')
 3 SYSTEMPATH\Database\BaseBuilder.php(1733): CodeIgniter\Database\BaseConnection->query('SELECT COUNT(*) AS `numrows`
FROM `notifications`
WHERE `user_id` = :user_id:
AND `is_read` = :is_read:', [...], false)
 4 SYSTEMPATH\Model.php(675): CodeIgniter\Database\BaseBuilder->countAllResults(true)
 5 APPPATH\Models\NotificationModel.php(23): CodeIgniter\Model->countAllResults()
 6 APPPATH\Controllers\Notifications.php(27): App\Models\NotificationModel->getUnreadCount(1)
 7 SYSTEMPATH\CodeIgniter.php(933): App\Controllers\Notifications->get()
 8 SYSTEMPATH\CodeIgniter.php(507): CodeIgniter\CodeIgniter->runController(Object(App\Controllers\Notifications))
 9 SYSTEMPATH\CodeIgniter.php(354): CodeIgniter\CodeIgniter->handleRequest(null, Object(Config\Cache), false)
10 SYSTEMPATH\Boot.php(363): CodeIgniter\CodeIgniter->run()
11 SYSTEMPATH\Boot.php(68): CodeIgniter\Boot::runCodeIgniter(Object(CodeIgniter\CodeIgniter))
12 FCPATH\index.php(59): CodeIgniter\Boot::bootWeb(Object(Config\Paths))
13 SYSTEMPATH\rewrite.php(64): require('C:\\xampp\\htdocs\\ITE311-MACA\\public\\index.php')
CRITICAL - 2025-12-02 06:40:51 --> [Caused by] mysqli_sql_exception: Table 'lms_maca.notifications' doesn't exist
in SYSTEMPATH\Database\MySQLi\Connection.php on line 327.
 1 SYSTEMPATH\Database\MySQLi\Connection.php(327): mysqli->query('SELECT COUNT(*) AS `numrows`
FROM `notifications`
WHERE `user_id` = 1
AND `is_read` = 0', 0)
 2 SYSTEMPATH\Database\BaseConnection.php(729): CodeIgniter\Database\MySQLi\Connection->execute('SELECT COUNT(*) AS `numrows`
FROM `notifications`
WHERE `user_id` = 1
AND `is_read` = 0')
 3 SYSTEMPATH\Database\BaseConnection.php(646): CodeIgniter\Database\BaseConnection->simpleQuery('SELECT COUNT(*) AS `numrows`
FROM `notifications`
WHERE `user_id` = 1
AND `is_read` = 0')
 4 SYSTEMPATH\Database\BaseBuilder.php(1733): CodeIgniter\Database\BaseConnection->query('SELECT COUNT(*) AS `numrows`
FROM `notifications`
WHERE `user_id` = :user_id:
AND `is_read` = :is_read:', [...], false)
 5 SYSTEMPATH\Model.php(675): CodeIgniter\Database\BaseBuilder->countAllResults(true)
 6 APPPATH\Models\NotificationModel.php(23): CodeIgniter\Model->countAllResults()
 7 APPPATH\Controllers\Notifications.php(27): App\Models\NotificationModel->getUnreadCount(1)
 8 SYSTEMPATH\CodeIgniter.php(933): App\Controllers\Notifications->get()
 9 SYSTEMPATH\CodeIgniter.php(507): CodeIgniter\CodeIgniter->runController(Object(App\Controllers\Notifications))
10 SYSTEMPATH\CodeIgniter.php(354): CodeIgniter\CodeIgniter->handleRequest(null, Object(Config\Cache), false)
11 SYSTEMPATH\Boot.php(363): CodeIgniter\CodeIgniter->run()
12 SYSTEMPATH\Boot.php(68): CodeIgniter\Boot::runCodeIgniter(Object(CodeIgniter\CodeIgniter))
13 FCPATH\index.php(59): CodeIgniter\Boot::bootWeb(Object(Config\Paths))
14 SYSTEMPATH\rewrite.php(64): require('C:\\xampp\\htdocs\\ITE311-MACA\\public\\index.php')
DEBUG - 2025-12-02 06:40:52 --> Session: Class initialized using 'App\Libraries\CustomSessionHandler' driver.
DEBUG - 2025-12-02 06:40:52 --> Session: Class initialized using 'App\Libraries\CustomSessionHandler' driver.
DEBUG - 2025-12-02 06:41:07 --> Session: Class initialized using 'App\Libraries\CustomSessionHandler' driver.
DEBUG - 2025-12-02 06:41:40 --> Session: Class initialized using 'App\Libraries\CustomSessionHandler' driver.
DEBUG - 2025-12-02 06:42:07 --> Session: Class initialized using 'App\Libraries\CustomSessionHandler' driver.
DEBUG - 2025-12-02 06:42:52 --> Session: Class initialized using 'App\Libraries\CustomSessionHandler' driver.
DEBUG - 2025-12-02 06:42:53 --> Session: Class initialized using 'App\Libraries\CustomSessionHandler' driver.
DEBUG - 2025-12-02 06:48:56 --> Session: Class initialized using 'App\Libraries\CustomSessionHandler' driver.
DEBUG - 2025-12-02 06:56:28 --> Session: Class initialized using 'App\Libraries\CustomSessionHandler' driver.
DEBUG - 2025-12-02 06:56:31 --> Session: Class initialized using 'App\Libraries\CustomSessionHandler' driver.
DEBUG - 2025-12-02 06:56:37 --> Session: Class initialized using 'App\Libraries\CustomSessionHandler' driver.
DEBUG - 2025-12-02 06:56:40 --> Session: Class initialized using 'App\Libraries\CustomSessionHandler' driver.
DEBUG - 2025-12-02 06:56:42 --> Session: Class initialized using 'App\Libraries\CustomSessionHandler' driver.
DEBUG - 2025-12-02 06:59:44 --> Session: Class initialized using 'App\Libraries\CustomSessionHandler' driver.
DEBUG - 2025-12-02 06:59:47 --> Session: Class initialized using 'App\Libraries\CustomSessionHandler' driver.
DEBUG - 2025-12-02 07:03:44 --> Session: Class initialized using 'App\Libraries\CustomSessionHandler' driver.
DEBUG - 2025-12-02 07:03:58 --> Session: Class initialized using 'App\Libraries\CustomSessionHandler' driver.
ERROR - 2025-12-02 07:03:59 --> mysqli_sql_exception: Table 'lms_maca.login_attempts' doesn't exist in C:\xampp\htdocs\ITE311-MACA\system\Database\MySQLi\Connection.php:327
Stack trace:
#0 C:\xampp\htdocs\ITE311-MACA\system\Database\MySQLi\Connection.php(327): mysqli->query('INSERT INTO `lo...', 0)
#1 C:\xampp\htdocs\ITE311-MACA\system\Database\BaseConnection.php(729): CodeIgniter\Database\MySQLi\Connection->execute('INSERT INTO `lo...')
#2 C:\xampp\htdocs\ITE311-MACA\system\Database\BaseConnection.php(646): CodeIgniter\Database\BaseConnection->simpleQuery('INSERT INTO `lo...')
#3 C:\xampp\htdocs\ITE311-MACA\system\Database\BaseBuilder.php(2345): CodeIgniter\Database\BaseConnection->query('INSERT INTO `lo...', Array, false)
#4 C:\xampp\htdocs\ITE311-MACA\app\Controllers\Auth.php(258): CodeIgniter\Database\BaseBuilder->insert(Array)
#5 C:\xampp\htdocs\ITE311-MACA\app\Controllers\Auth.php(231): App\Controllers\Auth->logLogin(NULL, false, 'Invalid email', 'jerald@gmail.co...')
#6 C:\xampp\htdocs\ITE311-MACA\app\Controllers\Auth.php(191): App\Controllers\Auth->handleFailedLogin(NULL, 'jerald@gmail.co...')
#7 C:\xampp\htdocs\ITE311-MACA\system\CodeIgniter.php(933): App\Controllers\Auth->login()
#8 C:\xampp\htdocs\ITE311-MACA\system\CodeIgniter.php(507): CodeIgniter\CodeIgniter->runController(Object(App\Controllers\Auth))
#9 C:\xampp\htdocs\ITE311-MACA\system\CodeIgniter.php(354): CodeIgniter\CodeIgniter->handleRequest(NULL, Object(Config\Cache), false)
#10 C:\xampp\htdocs\ITE311-MACA\system\Boot.php(363): CodeIgniter\CodeIgniter->run()
#11 C:\xampp\htdocs\ITE311-MACA\system\Boot.php(68): CodeIgniter\Boot::runCodeIgniter(Object(CodeIgniter\CodeIgniter))
#12 C:\xampp\htdocs\ITE311-MACA\public\index.php(59): CodeIgniter\Boot::bootWeb(Object(Config\Paths))
#13 C:\xampp\htdocs\ITE311-MACA\system\rewrite.php(64): require('C:\\xampp\\htdocs...')
#14 {main}
ERROR - 2025-12-02 07:03:59 --> Failed to log login attempt: Table 'lms_maca.login_attempts' doesn't exist
DEBUG - 2025-12-02 07:03:59 --> Session: Class initialized using 'App\Libraries\CustomSessionHandler' driver.
DEBUG - 2025-12-02 07:04:07 --> Session: Class initialized using 'App\Libraries\CustomSessionHandler' driver.
DEBUG - 2025-12-02 07:05:26 --> Session: Class initialized using 'App\Libraries\CustomSessionHandler' driver.
ERROR - 2025-12-02 07:05:27 --> mysqli_sql_exception: Table 'lms_maca.login_attempts' doesn't exist in C:\xampp\htdocs\ITE311-MACA\system\Database\MySQLi\Connection.php:327
Stack trace:
#0 C:\xampp\htdocs\ITE311-MACA\system\Database\MySQLi\Connection.php(327): mysqli->query('INSERT INTO `lo...', 0)
#1 C:\xampp\htdocs\ITE311-MACA\system\Database\BaseConnection.php(729): CodeIgniter\Database\MySQLi\Connection->execute('INSERT INTO `lo...')
#2 C:\xampp\htdocs\ITE311-MACA\system\Database\BaseConnection.php(646): CodeIgniter\Database\BaseConnection->simpleQuery('INSERT INTO `lo...')
#3 C:\xampp\htdocs\ITE311-MACA\system\Database\BaseBuilder.php(2345): CodeIgniter\Database\BaseConnection->query('INSERT INTO `lo...', Array, false)
#4 C:\xampp\htdocs\ITE311-MACA\app\Controllers\Auth.php(258): CodeIgniter\Database\BaseBuilder->insert(Array)
#5 C:\xampp\htdocs\ITE311-MACA\app\Controllers\Auth.php(228): App\Controllers\Auth->logLogin('2', false, 'Invalid passwor...')
#6 C:\xampp\htdocs\ITE311-MACA\app\Controllers\Auth.php(191): App\Controllers\Auth->handleFailedLogin('2', 'Gomez@gmail.com')
#7 C:\xampp\htdocs\ITE311-MACA\system\CodeIgniter.php(933): App\Controllers\Auth->login()
#8 C:\xampp\htdocs\ITE311-MACA\system\CodeIgniter.php(507): CodeIgniter\CodeIgniter->runController(Object(App\Controllers\Auth))
#9 C:\xampp\htdocs\ITE311-MACA\system\CodeIgniter.php(354): CodeIgniter\CodeIgniter->handleRequest(NULL, Object(Config\Cache), false)
#10 C:\xampp\htdocs\ITE311-MACA\system\Boot.php(363): CodeIgniter\CodeIgniter->run()
#11 C:\xampp\htdocs\ITE311-MACA\system\Boot.php(68): CodeIgniter\Boot::runCodeIgniter(Object(CodeIgniter\CodeIgniter))
#12 C:\xampp\htdocs\ITE311-MACA\public\index.php(59): CodeIgniter\Boot::bootWeb(Object(Config\Paths))
#13 C:\xampp\htdocs\ITE311-MACA\system\rewrite.php(64): require('C:\\xampp\\htdocs...')
#14 {main}
ERROR - 2025-12-02 07:05:27 --> Failed to log login attempt: Table 'lms_maca.login_attempts' doesn't exist
DEBUG - 2025-12-02 07:05:27 --> Session: Class initialized using 'App\Libraries\CustomSessionHandler' driver.
DEBUG - 2025-12-02 07:05:30 --> Session: Class initialized using 'App\Libraries\CustomSessionHandler' driver.
DEBUG - 2025-12-02 07:05:41 --> Session: Class initialized using 'App\Libraries\CustomSessionHandler' driver.
DEBUG - 2025-12-02 07:05:42 --> Session: Class initialized using 'App\Libraries\CustomSessionHandler' driver.
DEBUG - 2025-12-02 07:05:43 --> Session: Class initialized using 'App\Libraries\CustomSessionHandler' driver.
ERROR - 2025-12-02 07:05:43 --> mysqli_sql_exception: Table 'lms_maca.notifications' doesn't exist in C:\xampp\htdocs\ITE311-MACA\system\Database\MySQLi\Connection.php:327
Stack trace:
#0 C:\xampp\htdocs\ITE311-MACA\system\Database\MySQLi\Connection.php(327): mysqli->query('SELECT COUNT(*)...', 0)
#1 C:\xampp\htdocs\ITE311-MACA\system\Database\BaseConnection.php(729): CodeIgniter\Database\MySQLi\Connection->execute('SELECT COUNT(*)...')
#2 C:\xampp\htdocs\ITE311-MACA\system\Database\BaseConnection.php(646): CodeIgniter\Database\BaseConnection->simpleQuery('SELECT COUNT(*)...')
#3 C:\xampp\htdocs\ITE311-MACA\system\Database\BaseBuilder.php(1733): CodeIgniter\Database\BaseConnection->query('SELECT COUNT(*)...', Array, false)
#4 C:\xampp\htdocs\ITE311-MACA\system\Model.php(675): CodeIgniter\Database\BaseBuilder->countAllResults(true)
#5 C:\xampp\htdocs\ITE311-MACA\app\Models\NotificationModel.php(23): CodeIgniter\Model->countAllResults()
#6 C:\xampp\htdocs\ITE311-MACA\app\Controllers\Notifications.php(27): App\Models\NotificationModel->getUnreadCount(2)
#7 C:\xampp\htdocs\ITE311-MACA\system\CodeIgniter.php(933): App\Controllers\Notifications->get()
#8 C:\xampp\htdocs\ITE311-MACA\system\CodeIgniter.php(507): CodeIgniter\CodeIgniter->runController(Object(App\Controllers\Notifications))
#9 C:\xampp\htdocs\ITE311-MACA\system\CodeIgniter.php(354): CodeIgniter\CodeIgniter->handleRequest(NULL, Object(Config\Cache), false)
#10 C:\xampp\htdocs\ITE311-MACA\system\Boot.php(363): CodeIgniter\CodeIgniter->run()
#11 C:\xampp\htdocs\ITE311-MACA\system\Boot.php(68): CodeIgniter\Boot::runCodeIgniter(Object(CodeIgniter\CodeIgniter))
#12 C:\xampp\htdocs\ITE311-MACA\public\index.php(59): CodeIgniter\Boot::bootWeb(Object(Config\Paths))
#13 C:\xampp\htdocs\ITE311-MACA\system\rewrite.php(64): require('C:\\xampp\\htdocs...')
#14 {main}
CRITICAL - 2025-12-02 07:05:43 --> CodeIgniter\Database\Exceptions\DatabaseException: Table 'lms_maca.notifications' doesn't exist
[Method: GET, Route: notifications]
in SYSTEMPATH\Database\BaseConnection.php on line 684.
 1 SYSTEMPATH\Database\BaseBuilder.php(1733): CodeIgniter\Database\BaseConnection->query('SELECT COUNT(*) AS `numrows`
FROM `notifications`
WHERE `user_id` = :user_id:
AND `is_read` = :is_read:', [...], false)
 2 SYSTEMPATH\Model.php(675): CodeIgniter\Database\BaseBuilder->countAllResults(true)
 3 APPPATH\Models\NotificationModel.php(23): CodeIgniter\Model->countAllResults()
 4 APPPATH\Controllers\Notifications.php(27): App\Models\NotificationModel->getUnreadCount(2)
 5 SYSTEMPATH\CodeIgniter.php(933): App\Controllers\Notifications->get()
 6 SYSTEMPATH\CodeIgniter.php(507): CodeIgniter\CodeIgniter->runController(Object(App\Controllers\Notifications))
 7 SYSTEMPATH\CodeIgniter.php(354): CodeIgniter\CodeIgniter->handleRequest(null, Object(Config\Cache), false)
 8 SYSTEMPATH\Boot.php(363): CodeIgniter\CodeIgniter->run()
 9 SYSTEMPATH\Boot.php(68): CodeIgniter\Boot::runCodeIgniter(Object(CodeIgniter\CodeIgniter))
10 FCPATH\index.php(59): CodeIgniter\Boot::bootWeb(Object(Config\Paths))
11 SYSTEMPATH\rewrite.php(64): require('C:\\xampp\\htdocs\\ITE311-MACA\\public\\index.php')
CRITICAL - 2025-12-02 07:05:43 --> [Caused by] CodeIgniter\Database\Exceptions\DatabaseException: Table 'lms_maca.notifications' doesn't exist
in SYSTEMPATH\Database\MySQLi\Connection.php on line 332.
 1 SYSTEMPATH\Database\BaseConnection.php(729): CodeIgniter\Database\MySQLi\Connection->execute('SELECT COUNT(*) AS `numrows`
FROM `notifications`
WHERE `user_id` = 2
AND `is_read` = 0')
 2 SYSTEMPATH\Database\BaseConnection.php(646): CodeIgniter\Database\BaseConnection->simpleQuery('SELECT COUNT(*) AS `numrows`
FROM `notifications`
WHERE `user_id` = 2
AND `is_read` = 0')
 3 SYSTEMPATH\Database\BaseBuilder.php(1733): CodeIgniter\Database\BaseConnection->query('SELECT COUNT(*) AS `numrows`
FROM `notifications`
WHERE `user_id` = :user_id:
AND `is_read` = :is_read:', [...], false)
 4 SYSTEMPATH\Model.php(675): CodeIgniter\Database\BaseBuilder->countAllResults(true)
 5 APPPATH\Models\NotificationModel.php(23): CodeIgniter\Model->countAllResults()
 6 APPPATH\Controllers\Notifications.php(27): App\Models\NotificationModel->getUnreadCount(2)
 7 SYSTEMPATH\CodeIgniter.php(933): App\Controllers\Notifications->get()
 8 SYSTEMPATH\CodeIgniter.php(507): CodeIgniter\CodeIgniter->runController(Object(App\Controllers\Notifications))
 9 SYSTEMPATH\CodeIgniter.php(354): CodeIgniter\CodeIgniter->handleRequest(null, Object(Config\Cache), false)
10 SYSTEMPATH\Boot.php(363): CodeIgniter\CodeIgniter->run()
11 SYSTEMPATH\Boot.php(68): CodeIgniter\Boot::runCodeIgniter(Object(CodeIgniter\CodeIgniter))
12 FCPATH\index.php(59): CodeIgniter\Boot::bootWeb(Object(Config\Paths))
13 SYSTEMPATH\rewrite.php(64): require('C:\\xampp\\htdocs\\ITE311-MACA\\public\\index.php')
CRITICAL - 2025-12-02 07:05:43 --> [Caused by] mysqli_sql_exception: Table 'lms_maca.notifications' doesn't exist
in SYSTEMPATH\Database\MySQLi\Connection.php on line 327.
 1 SYSTEMPATH\Database\MySQLi\Connection.php(327): mysqli->query('SELECT COUNT(*) AS `numrows`
FROM `notifications`
WHERE `user_id` = 2
AND `is_read` = 0', 0)
 2 SYSTEMPATH\Database\BaseConnection.php(729): CodeIgniter\Database\MySQLi\Connection->execute('SELECT COUNT(*) AS `numrows`
FROM `notifications`
WHERE `user_id` = 2
AND `is_read` = 0')
 3 SYSTEMPATH\Database\BaseConnection.php(646): CodeIgniter\Database\BaseConnection->simpleQuery('SELECT COUNT(*) AS `numrows`
FROM `notifications`
WHERE `user_id` = 2
AND `is_read` = 0')
 4 SYSTEMPATH\Database\BaseBuilder.php(1733): CodeIgniter\Database\BaseConnection->query('SELECT COUNT(*) AS `numrows`
FROM `notifications`
WHERE `user_id` = :user_id:
AND `is_read` = :is_read:', [...], false)
 5 SYSTEMPATH\Model.php(675): CodeIgniter\Database\BaseBuilder->countAllResults(true)
 6 APPPATH\Models\NotificationModel.php(23): CodeIgniter\Model->countAllResults()
 7 APPPATH\Controllers\Notifications.php(27): App\Models\NotificationModel->getUnreadCount(2)
 8 SYSTEMPATH\CodeIgniter.php(933): App\Controllers\Notifications->get()
 9 SYSTEMPATH\CodeIgniter.php(507): CodeIgniter\CodeIgniter->runController(Object(App\Controllers\Notifications))
10 SYSTEMPATH\CodeIgniter.php(354): CodeIgniter\CodeIgniter->handleRequest(null, Object(Config\Cache), false)
11 SYSTEMPATH\Boot.php(363): CodeIgniter\CodeIgniter->run()
12 SYSTEMPATH\Boot.php(68): CodeIgniter\Boot::runCodeIgniter(Object(CodeIgniter\CodeIgniter))
13 FCPATH\index.php(59): CodeIgniter\Boot::bootWeb(Object(Config\Paths))
14 SYSTEMPATH\rewrite.php(64): require('C:\\xampp\\htdocs\\ITE311-MACA\\public\\index.php')
DEBUG - 2025-12-02 07:05:45 --> Session: Class initialized using 'App\Libraries\CustomSessionHandler' driver.
DEBUG - 2025-12-02 07:05:46 --> Session: Class initialized using 'App\Libraries\CustomSessionHandler' driver.
DEBUG - 2025-12-02 07:05:53 --> Session: Class initialized using 'App\Libraries\CustomSessionHandler' driver.
DEBUG - 2025-12-02 07:07:46 --> Session: Class initialized using 'App\Libraries\CustomSessionHandler' driver.
DEBUG - 2025-12-02 07:08:08 --> Session: Class initialized using 'App\Libraries\CustomSessionHandler' driver.
DEBUG - 2025-12-02 07:23:33 --> Session: Class initialized using 'App\Libraries\CustomSessionHandler' driver.
DEBUG - 2025-12-02 07:24:13 --> Session: Class initialized using 'App\Libraries\CustomSessionHandler' driver.
DEBUG - 2025-12-02 07:24:13 --> Session: Class initialized using 'App\Libraries\CustomSessionHandler' driver.
DEBUG - 2025-12-02 07:24:27 --> Session: Class initialized using 'App\Libraries\CustomSessionHandler' driver.
ERROR - 2025-12-02 07:24:28 --> mysqli_sql_exception: Table 'lms_maca.login_attempts' doesn't exist in C:\xampp\htdocs\ITE311-MACA\system\Database\MySQLi\Connection.php:327
Stack trace:
#0 C:\xampp\htdocs\ITE311-MACA\system\Database\MySQLi\Connection.php(327): mysqli->query('INSERT INTO `lo...', 0)
#1 C:\xampp\htdocs\ITE311-MACA\system\Database\BaseConnection.php(729): CodeIgniter\Database\MySQLi\Connection->execute('INSERT INTO `lo...')
#2 C:\xampp\htdocs\ITE311-MACA\system\Database\BaseConnection.php(646): CodeIgniter\Database\BaseConnection->simpleQuery('INSERT INTO `lo...')
#3 C:\xampp\htdocs\ITE311-MACA\system\Database\BaseBuilder.php(2345): CodeIgniter\Database\BaseConnection->query('INSERT INTO `lo...', Array, false)
#4 C:\xampp\htdocs\ITE311-MACA\app\Controllers\Auth.php(258): CodeIgniter\Database\BaseBuilder->insert(Array)
#5 C:\xampp\htdocs\ITE311-MACA\app\Controllers\Auth.php(231): App\Controllers\Auth->logLogin(NULL, false, 'Invalid email', 'Jerald@gmail.co...')
#6 C:\xampp\htdocs\ITE311-MACA\app\Controllers\Auth.php(191): App\Controllers\Auth->handleFailedLogin(NULL, 'Jerald@gmail.co...')
#7 C:\xampp\htdocs\ITE311-MACA\system\CodeIgniter.php(933): App\Controllers\Auth->login()
#8 C:\xampp\htdocs\ITE311-MACA\system\CodeIgniter.php(507): CodeIgniter\CodeIgniter->runController(Object(App\Controllers\Auth))
#9 C:\xampp\htdocs\ITE311-MACA\system\CodeIgniter.php(354): CodeIgniter\CodeIgniter->handleRequest(NULL, Object(Config\Cache), false)
#10 C:\xampp\htdocs\ITE311-MACA\system\Boot.php(363): CodeIgniter\CodeIgniter->run()
#11 C:\xampp\htdocs\ITE311-MACA\system\Boot.php(68): CodeIgniter\Boot::runCodeIgniter(Object(CodeIgniter\CodeIgniter))
#12 C:\xampp\htdocs\ITE311-MACA\public\index.php(59): CodeIgniter\Boot::bootWeb(Object(Config\Paths))
#13 C:\xampp\htdocs\ITE311-MACA\system\rewrite.php(64): require('C:\\xampp\\htdocs...')
#14 {main}
ERROR - 2025-12-02 07:24:28 --> Failed to log login attempt: Table 'lms_maca.login_attempts' doesn't exist
DEBUG - 2025-12-02 07:24:28 --> Session: Class initialized using 'App\Libraries\CustomSessionHandler' driver.
DEBUG - 2025-12-02 07:24:42 --> Session: Class initialized using 'App\Libraries\CustomSessionHandler' driver.
ERROR - 2025-12-02 07:24:42 --> mysqli_sql_exception: Table 'lms_maca.login_attempts' doesn't exist in C:\xampp\htdocs\ITE311-MACA\system\Database\MySQLi\Connection.php:327
Stack trace:
#0 C:\xampp\htdocs\ITE311-MACA\system\Database\MySQLi\Connection.php(327): mysqli->query('INSERT INTO `lo...', 0)
#1 C:\xampp\htdocs\ITE311-MACA\system\Database\BaseConnection.php(729): CodeIgniter\Database\MySQLi\Connection->execute('INSERT INTO `lo...')
#2 C:\xampp\htdocs\ITE311-MACA\system\Database\BaseConnection.php(646): CodeIgniter\Database\BaseConnection->simpleQuery('INSERT INTO `lo...')
#3 C:\xampp\htdocs\ITE311-MACA\system\Database\BaseBuilder.php(2345): CodeIgniter\Database\BaseConnection->query('INSERT INTO `lo...', Array, false)
#4 C:\xampp\htdocs\ITE311-MACA\app\Controllers\Auth.php(258): CodeIgniter\Database\BaseBuilder->insert(Array)
#5 C:\xampp\htdocs\ITE311-MACA\app\Controllers\Auth.php(231): App\Controllers\Auth->logLogin(NULL, false, 'Invalid email', 'jerald@gmail.co...')
#6 C:\xampp\htdocs\ITE311-MACA\app\Controllers\Auth.php(191): App\Controllers\Auth->handleFailedLogin(NULL, 'jerald@gmail.co...')
#7 C:\xampp\htdocs\ITE311-MACA\system\CodeIgniter.php(933): App\Controllers\Auth->login()
#8 C:\xampp\htdocs\ITE311-MACA\system\CodeIgniter.php(507): CodeIgniter\CodeIgniter->runController(Object(App\Controllers\Auth))
#9 C:\xampp\htdocs\ITE311-MACA\system\CodeIgniter.php(354): CodeIgniter\CodeIgniter->handleRequest(NULL, Object(Config\Cache), false)
#10 C:\xampp\htdocs\ITE311-MACA\system\Boot.php(363): CodeIgniter\CodeIgniter->run()
#11 C:\xampp\htdocs\ITE311-MACA\system\Boot.php(68): CodeIgniter\Boot::runCodeIgniter(Object(CodeIgniter\CodeIgniter))
#12 C:\xampp\htdocs\ITE311-MACA\public\index.php(59): CodeIgniter\Boot::bootWeb(Object(Config\Paths))
#13 C:\xampp\htdocs\ITE311-MACA\system\rewrite.php(64): require('C:\\xampp\\htdocs...')
#14 {main}
ERROR - 2025-12-02 07:24:42 --> Failed to log login attempt: Table 'lms_maca.login_attempts' doesn't exist
DEBUG - 2025-12-02 07:24:42 --> Session: Class initialized using 'App\Libraries\CustomSessionHandler' driver.
DEBUG - 2025-12-02 07:27:53 --> Session: Class initialized using 'App\Libraries\CustomSessionHandler' driver.
DEBUG - 2025-12-02 07:27:54 --> Session: Class initialized using 'App\Libraries\CustomSessionHandler' driver.
DEBUG - 2025-12-02 07:27:54 --> Session: Class initialized using 'App\Libraries\CustomSessionHandler' driver.
ERROR - 2025-12-02 07:27:54 --> mysqli_sql_exception: Table 'lms_maca.notifications' doesn't exist in C:\xampp\htdocs\ITE311-MACA\system\Database\MySQLi\Connection.php:327
Stack trace:
#0 C:\xampp\htdocs\ITE311-MACA\system\Database\MySQLi\Connection.php(327): mysqli->query('SELECT COUNT(*)...', 0)
#1 C:\xampp\htdocs\ITE311-MACA\system\Database\BaseConnection.php(729): CodeIgniter\Database\MySQLi\Connection->execute('SELECT COUNT(*)...')
#2 C:\xampp\htdocs\ITE311-MACA\system\Database\BaseConnection.php(646): CodeIgniter\Database\BaseConnection->simpleQuery('SELECT COUNT(*)...')
#3 C:\xampp\htdocs\ITE311-MACA\system\Database\BaseBuilder.php(1733): CodeIgniter\Database\BaseConnection->query('SELECT COUNT(*)...', Array, false)
#4 C:\xampp\htdocs\ITE311-MACA\system\Model.php(675): CodeIgniter\Database\BaseBuilder->countAllResults(true)
#5 C:\xampp\htdocs\ITE311-MACA\app\Models\NotificationModel.php(23): CodeIgniter\Model->countAllResults()
#6 C:\xampp\htdocs\ITE311-MACA\app\Controllers\Notifications.php(27): App\Models\NotificationModel->getUnreadCount(5)
#7 C:\xampp\htdocs\ITE311-MACA\system\CodeIgniter.php(933): App\Controllers\Notifications->get()
#8 C:\xampp\htdocs\ITE311-MACA\system\CodeIgniter.php(507): CodeIgniter\CodeIgniter->runController(Object(App\Controllers\Notifications))
#9 C:\xampp\htdocs\ITE311-MACA\system\CodeIgniter.php(354): CodeIgniter\CodeIgniter->handleRequest(NULL, Object(Config\Cache), false)
#10 C:\xampp\htdocs\ITE311-MACA\system\Boot.php(363): CodeIgniter\CodeIgniter->run()
#11 C:\xampp\htdocs\ITE311-MACA\system\Boot.php(68): CodeIgniter\Boot::runCodeIgniter(Object(CodeIgniter\CodeIgniter))
#12 C:\xampp\htdocs\ITE311-MACA\public\index.php(59): CodeIgniter\Boot::bootWeb(Object(Config\Paths))
#13 C:\xampp\htdocs\ITE311-MACA\system\rewrite.php(64): require('C:\\xampp\\htdocs...')
#14 {main}
CRITICAL - 2025-12-02 07:27:54 --> CodeIgniter\Database\Exceptions\DatabaseException: Table 'lms_maca.notifications' doesn't exist
[Method: GET, Route: notifications]
in SYSTEMPATH\Database\BaseConnection.php on line 684.
 1 SYSTEMPATH\Database\BaseBuilder.php(1733): CodeIgniter\Database\BaseConnection->query('SELECT COUNT(*) AS `numrows`
FROM `notifications`
WHERE `user_id` = :user_id:
AND `is_read` = :is_read:', [...], false)
 2 SYSTEMPATH\Model.php(675): CodeIgniter\Database\BaseBuilder->countAllResults(true)
 3 APPPATH\Models\NotificationModel.php(23): CodeIgniter\Model->countAllResults()
 4 APPPATH\Controllers\Notifications.php(27): App\Models\NotificationModel->getUnreadCount(5)
 5 SYSTEMPATH\CodeIgniter.php(933): App\Controllers\Notifications->get()
 6 SYSTEMPATH\CodeIgniter.php(507): CodeIgniter\CodeIgniter->runController(Object(App\Controllers\Notifications))
 7 SYSTEMPATH\CodeIgniter.php(354): CodeIgniter\CodeIgniter->handleRequest(null, Object(Config\Cache), false)
 8 SYSTEMPATH\Boot.php(363): CodeIgniter\CodeIgniter->run()
 9 SYSTEMPATH\Boot.php(68): CodeIgniter\Boot::runCodeIgniter(Object(CodeIgniter\CodeIgniter))
10 FCPATH\index.php(59): CodeIgniter\Boot::bootWeb(Object(Config\Paths))
11 SYSTEMPATH\rewrite.php(64): require('C:\\xampp\\htdocs\\ITE311-MACA\\public\\index.php')
CRITICAL - 2025-12-02 07:27:54 --> [Caused by] CodeIgniter\Database\Exceptions\DatabaseException: Table 'lms_maca.notifications' doesn't exist
in SYSTEMPATH\Database\MySQLi\Connection.php on line 332.
 1 SYSTEMPATH\Database\BaseConnection.php(729): CodeIgniter\Database\MySQLi\Connection->execute('SELECT COUNT(*) AS `numrows`
FROM `notifications`
WHERE `user_id` = 5
AND `is_read` = 0')
 2 SYSTEMPATH\Database\BaseConnection.php(646): CodeIgniter\Database\BaseConnection->simpleQuery('SELECT COUNT(*) AS `numrows`
FROM `notifications`
WHERE `user_id` = 5
AND `is_read` = 0')
 3 SYSTEMPATH\Database\BaseBuilder.php(1733): CodeIgniter\Database\BaseConnection->query('SELECT COUNT(*) AS `numrows`
FROM `notifications`
WHERE `user_id` = :user_id:
AND `is_read` = :is_read:', [...], false)
 4 SYSTEMPATH\Model.php(675): CodeIgniter\Database\BaseBuilder->countAllResults(true)
 5 APPPATH\Models\NotificationModel.php(23): CodeIgniter\Model->countAllResults()
 6 APPPATH\Controllers\Notifications.php(27): App\Models\NotificationModel->getUnreadCount(5)
 7 SYSTEMPATH\CodeIgniter.php(933): App\Controllers\Notifications->get()
 8 SYSTEMPATH\CodeIgniter.php(507): CodeIgniter\CodeIgniter->runController(Object(App\Controllers\Notifications))
 9 SYSTEMPATH\CodeIgniter.php(354): CodeIgniter\CodeIgniter->handleRequest(null, Object(Config\Cache), false)
10 SYSTEMPATH\Boot.php(363): CodeIgniter\CodeIgniter->run()
11 SYSTEMPATH\Boot.php(68): CodeIgniter\Boot::runCodeIgniter(Object(CodeIgniter\CodeIgniter))
12 FCPATH\index.php(59): CodeIgniter\Boot::bootWeb(Object(Config\Paths))
13 SYSTEMPATH\rewrite.php(64): require('C:\\xampp\\htdocs\\ITE311-MACA\\public\\index.php')
CRITICAL - 2025-12-02 07:27:54 --> [Caused by] mysqli_sql_exception: Table 'lms_maca.notifications' doesn't exist
in SYSTEMPATH\Database\MySQLi\Connection.php on line 327.
 1 SYSTEMPATH\Database\MySQLi\Connection.php(327): mysqli->query('SELECT COUNT(*) AS `numrows`
FROM `notifications`
WHERE `user_id` = 5
AND `is_read` = 0', 0)
 2 SYSTEMPATH\Database\BaseConnection.php(729): CodeIgniter\Database\MySQLi\Connection->execute('SELECT COUNT(*) AS `numrows`
FROM `notifications`
WHERE `user_id` = 5
AND `is_read` = 0')
 3 SYSTEMPATH\Database\BaseConnection.php(646): CodeIgniter\Database\BaseConnection->simpleQuery('SELECT COUNT(*) AS `numrows`
FROM `notifications`
WHERE `user_id` = 5
AND `is_read` = 0')
 4 SYSTEMPATH\Database\BaseBuilder.php(1733): CodeIgniter\Database\BaseConnection->query('SELECT COUNT(*) AS `numrows`
FROM `notifications`
WHERE `user_id` = :user_id:
AND `is_read` = :is_read:', [...], false)
 5 SYSTEMPATH\Model.php(675): CodeIgniter\Database\BaseBuilder->countAllResults(true)
 6 APPPATH\Models\NotificationModel.php(23): CodeIgniter\Model->countAllResults()
 7 APPPATH\Controllers\Notifications.php(27): App\Models\NotificationModel->getUnreadCount(5)
 8 SYSTEMPATH\CodeIgniter.php(933): App\Controllers\Notifications->get()
 9 SYSTEMPATH\CodeIgniter.php(507): CodeIgniter\CodeIgniter->runController(Object(App\Controllers\Notifications))
10 SYSTEMPATH\CodeIgniter.php(354): CodeIgniter\CodeIgniter->handleRequest(null, Object(Config\Cache), false)
11 SYSTEMPATH\Boot.php(363): CodeIgniter\CodeIgniter->run()
12 SYSTEMPATH\Boot.php(68): CodeIgniter\Boot::runCodeIgniter(Object(CodeIgniter\CodeIgniter))
13 FCPATH\index.php(59): CodeIgniter\Boot::bootWeb(Object(Config\Paths))
14 SYSTEMPATH\rewrite.php(64): require('C:\\xampp\\htdocs\\ITE311-MACA\\public\\index.php')
DEBUG - 2025-12-02 07:28:50 --> Session: Class initialized using 'App\Libraries\CustomSessionHandler' driver.
DEBUG - 2025-12-02 07:28:50 --> Session: Class initialized using 'App\Libraries\CustomSessionHandler' driver.
DEBUG - 2025-12-02 07:29:11 --> Session: Class initialized using 'App\Libraries\CustomSessionHandler' driver.
DEBUG - 2025-12-02 07:29:12 --> Session: Class initialized using 'App\Libraries\CustomSessionHandler' driver.
DEBUG - 2025-12-02 07:29:42 --> Session: Class initialized using 'App\Libraries\CustomSessionHandler' driver.
DEBUG - 2025-12-02 07:29:42 --> Session: Class initialized using 'App\Libraries\CustomSessionHandler' driver.
DEBUG - 2025-12-02 07:29:56 --> Session: Class initialized using 'App\Libraries\CustomSessionHandler' driver.
DEBUG - 2025-12-02 07:29:56 --> Session: Class initialized using 'App\Libraries\CustomSessionHandler' driver.
DEBUG - 2025-12-02 07:29:57 --> Session: Class initialized using 'App\Libraries\CustomSessionHandler' driver.
ERROR - 2025-12-02 07:29:57 --> mysqli_sql_exception: Table 'lms_maca.notifications' doesn't exist in C:\xampp\htdocs\ITE311-MACA\system\Database\MySQLi\Connection.php:327
Stack trace:
#0 C:\xampp\htdocs\ITE311-MACA\system\Database\MySQLi\Connection.php(327): mysqli->query('SELECT COUNT(*)...', 0)
#1 C:\xampp\htdocs\ITE311-MACA\system\Database\BaseConnection.php(729): CodeIgniter\Database\MySQLi\Connection->execute('SELECT COUNT(*)...')
#2 C:\xampp\htdocs\ITE311-MACA\system\Database\BaseConnection.php(646): CodeIgniter\Database\BaseConnection->simpleQuery('SELECT COUNT(*)...')
#3 C:\xampp\htdocs\ITE311-MACA\system\Database\BaseBuilder.php(1733): CodeIgniter\Database\BaseConnection->query('SELECT COUNT(*)...', Array, false)
#4 C:\xampp\htdocs\ITE311-MACA\system\Model.php(675): CodeIgniter\Database\BaseBuilder->countAllResults(true)
#5 C:\xampp\htdocs\ITE311-MACA\app\Models\NotificationModel.php(23): CodeIgniter\Model->countAllResults()
#6 C:\xampp\htdocs\ITE311-MACA\app\Controllers\Notifications.php(27): App\Models\NotificationModel->getUnreadCount(6)
#7 C:\xampp\htdocs\ITE311-MACA\system\CodeIgniter.php(933): App\Controllers\Notifications->get()
#8 C:\xampp\htdocs\ITE311-MACA\system\CodeIgniter.php(507): CodeIgniter\CodeIgniter->runController(Object(App\Controllers\Notifications))
#9 C:\xampp\htdocs\ITE311-MACA\system\CodeIgniter.php(354): CodeIgniter\CodeIgniter->handleRequest(NULL, Object(Config\Cache), false)
#10 C:\xampp\htdocs\ITE311-MACA\system\Boot.php(363): CodeIgniter\CodeIgniter->run()
#11 C:\xampp\htdocs\ITE311-MACA\system\Boot.php(68): CodeIgniter\Boot::runCodeIgniter(Object(CodeIgniter\CodeIgniter))
#12 C:\xampp\htdocs\ITE311-MACA\public\index.php(59): CodeIgniter\Boot::bootWeb(Object(Config\Paths))
#13 C:\xampp\htdocs\ITE311-MACA\system\rewrite.php(64): require('C:\\xampp\\htdocs...')
#14 {main}
CRITICAL - 2025-12-02 07:29:57 --> CodeIgniter\Database\Exceptions\DatabaseException: Table 'lms_maca.notifications' doesn't exist
[Method: GET, Route: notifications]
in SYSTEMPATH\Database\BaseConnection.php on line 684.
 1 SYSTEMPATH\Database\BaseBuilder.php(1733): CodeIgniter\Database\BaseConnection->query('SELECT COUNT(*) AS `numrows`
FROM `notifications`
WHERE `user_id` = :user_id:
AND `is_read` = :is_read:', [...], false)
 2 SYSTEMPATH\Model.php(675): CodeIgniter\Database\BaseBuilder->countAllResults(true)
 3 APPPATH\Models\NotificationModel.php(23): CodeIgniter\Model->countAllResults()
 4 APPPATH\Controllers\Notifications.php(27): App\Models\NotificationModel->getUnreadCount(6)
 5 SYSTEMPATH\CodeIgniter.php(933): App\Controllers\Notifications->get()
 6 SYSTEMPATH\CodeIgniter.php(507): CodeIgniter\CodeIgniter->runController(Object(App\Controllers\Notifications))
 7 SYSTEMPATH\CodeIgniter.php(354): CodeIgniter\CodeIgniter->handleRequest(null, Object(Config\Cache), false)
 8 SYSTEMPATH\Boot.php(363): CodeIgniter\CodeIgniter->run()
 9 SYSTEMPATH\Boot.php(68): CodeIgniter\Boot::runCodeIgniter(Object(CodeIgniter\CodeIgniter))
10 FCPATH\index.php(59): CodeIgniter\Boot::bootWeb(Object(Config\Paths))
11 SYSTEMPATH\rewrite.php(64): require('C:\\xampp\\htdocs\\ITE311-MACA\\public\\index.php')
CRITICAL - 2025-12-02 07:29:57 --> [Caused by] CodeIgniter\Database\Exceptions\DatabaseException: Table 'lms_maca.notifications' doesn't exist
in SYSTEMPATH\Database\MySQLi\Connection.php on line 332.
 1 SYSTEMPATH\Database\BaseConnection.php(729): CodeIgniter\Database\MySQLi\Connection->execute('SELECT COUNT(*) AS `numrows`
FROM `notifications`
WHERE `user_id` = 6
AND `is_read` = 0')
 2 SYSTEMPATH\Database\BaseConnection.php(646): CodeIgniter\Database\BaseConnection->simpleQuery('SELECT COUNT(*) AS `numrows`
FROM `notifications`
WHERE `user_id` = 6
AND `is_read` = 0')
 3 SYSTEMPATH\Database\BaseBuilder.php(1733): CodeIgniter\Database\BaseConnection->query('SELECT COUNT(*) AS `numrows`
FROM `notifications`
WHERE `user_id` = :user_id:
AND `is_read` = :is_read:', [...], false)
 4 SYSTEMPATH\Model.php(675): CodeIgniter\Database\BaseBuilder->countAllResults(true)
 5 APPPATH\Models\NotificationModel.php(23): CodeIgniter\Model->countAllResults()
 6 APPPATH\Controllers\Notifications.php(27): App\Models\NotificationModel->getUnreadCount(6)
 7 SYSTEMPATH\CodeIgniter.php(933): App\Controllers\Notifications->get()
 8 SYSTEMPATH\CodeIgniter.php(507): CodeIgniter\CodeIgniter->runController(Object(App\Controllers\Notifications))
 9 SYSTEMPATH\CodeIgniter.php(354): CodeIgniter\CodeIgniter->handleRequest(null, Object(Config\Cache), false)
10 SYSTEMPATH\Boot.php(363): CodeIgniter\CodeIgniter->run()
11 SYSTEMPATH\Boot.php(68): CodeIgniter\Boot::runCodeIgniter(Object(CodeIgniter\CodeIgniter))
12 FCPATH\index.php(59): CodeIgniter\Boot::bootWeb(Object(Config\Paths))
13 SYSTEMPATH\rewrite.php(64): require('C:\\xampp\\htdocs\\ITE311-MACA\\public\\index.php')
CRITICAL - 2025-12-02 07:29:57 --> [Caused by] mysqli_sql_exception: Table 'lms_maca.notifications' doesn't exist
in SYSTEMPATH\Database\MySQLi\Connection.php on line 327.
 1 SYSTEMPATH\Database\MySQLi\Connection.php(327): mysqli->query('SELECT COUNT(*) AS `numrows`
FROM `notifications`
WHERE `user_id` = 6
AND `is_read` = 0', 0)
 2 SYSTEMPATH\Database\BaseConnection.php(729): CodeIgniter\Database\MySQLi\Connection->execute('SELECT COUNT(*) AS `numrows`
FROM `notifications`
WHERE `user_id` = 6
AND `is_read` = 0')
 3 SYSTEMPATH\Database\BaseConnection.php(646): CodeIgniter\Database\BaseConnection->simpleQuery('SELECT COUNT(*) AS `numrows`
FROM `notifications`
WHERE `user_id` = 6
AND `is_read` = 0')
 4 SYSTEMPATH\Database\BaseBuilder.php(1733): CodeIgniter\Database\BaseConnection->query('SELECT COUNT(*) AS `numrows`
FROM `notifications`
WHERE `user_id` = :user_id:
AND `is_read` = :is_read:', [...], false)
 5 SYSTEMPATH\Model.php(675): CodeIgniter\Database\BaseBuilder->countAllResults(true)
 6 APPPATH\Models\NotificationModel.php(23): CodeIgniter\Model->countAllResults()
 7 APPPATH\Controllers\Notifications.php(27): App\Models\NotificationModel->getUnreadCount(6)
 8 SYSTEMPATH\CodeIgniter.php(933): App\Controllers\Notifications->get()
 9 SYSTEMPATH\CodeIgniter.php(507): CodeIgniter\CodeIgniter->runController(Object(App\Controllers\Notifications))
10 SYSTEMPATH\CodeIgniter.php(354): CodeIgniter\CodeIgniter->handleRequest(null, Object(Config\Cache), false)
11 SYSTEMPATH\Boot.php(363): CodeIgniter\CodeIgniter->run()
12 SYSTEMPATH\Boot.php(68): CodeIgniter\Boot::runCodeIgniter(Object(CodeIgniter\CodeIgniter))
13 FCPATH\index.php(59): CodeIgniter\Boot::bootWeb(Object(Config\Paths))
14 SYSTEMPATH\rewrite.php(64): require('C:\\xampp\\htdocs\\ITE311-MACA\\public\\index.php')
DEBUG - 2025-12-02 07:30:27 --> Session: Class initialized using 'App\Libraries\CustomSessionHandler' driver.
DEBUG - 2025-12-02 07:30:28 --> Session: Class initialized using 'App\Libraries\CustomSessionHandler' driver.
DEBUG - 2025-12-02 07:31:18 --> Session: Class initialized using 'App\Libraries\CustomSessionHandler' driver.
DEBUG - 2025-12-02 07:32:51 --> Session: Class initialized using 'App\Libraries\CustomSessionHandler' driver.
DEBUG - 2025-12-02 07:33:08 --> Session: Class initialized using 'App\Libraries\CustomSessionHandler' driver.
DEBUG - 2025-12-02 07:33:08 --> Session: Class initialized using 'App\Libraries\CustomSessionHandler' driver.
DEBUG - 2025-12-02 07:33:09 --> Session: Class initialized using 'App\Libraries\CustomSessionHandler' driver.
ERROR - 2025-12-02 07:33:09 --> mysqli_sql_exception: Table 'lms_maca.notifications' doesn't exist in C:\xampp\htdocs\ITE311-MACA\system\Database\MySQLi\Connection.php:327
Stack trace:
#0 C:\xampp\htdocs\ITE311-MACA\system\Database\MySQLi\Connection.php(327): mysqli->query('SELECT COUNT(*)...', 0)
#1 C:\xampp\htdocs\ITE311-MACA\system\Database\BaseConnection.php(729): CodeIgniter\Database\MySQLi\Connection->execute('SELECT COUNT(*)...')
#2 C:\xampp\htdocs\ITE311-MACA\system\Database\BaseConnection.php(646): CodeIgniter\Database\BaseConnection->simpleQuery('SELECT COUNT(*)...')
#3 C:\xampp\htdocs\ITE311-MACA\system\Database\BaseBuilder.php(1733): CodeIgniter\Database\BaseConnection->query('SELECT COUNT(*)...', Array, false)
#4 C:\xampp\htdocs\ITE311-MACA\system\Model.php(675): CodeIgniter\Database\BaseBuilder->countAllResults(true)
#5 C:\xampp\htdocs\ITE311-MACA\app\Models\NotificationModel.php(23): CodeIgniter\Model->countAllResults()
#6 C:\xampp\htdocs\ITE311-MACA\app\Controllers\Notifications.php(27): App\Models\NotificationModel->getUnreadCount(1)
#7 C:\xampp\htdocs\ITE311-MACA\system\CodeIgniter.php(933): App\Controllers\Notifications->get()
#8 C:\xampp\htdocs\ITE311-MACA\system\CodeIgniter.php(507): CodeIgniter\CodeIgniter->runController(Object(App\Controllers\Notifications))
#9 C:\xampp\htdocs\ITE311-MACA\system\CodeIgniter.php(354): CodeIgniter\CodeIgniter->handleRequest(NULL, Object(Config\Cache), false)
#10 C:\xampp\htdocs\ITE311-MACA\system\Boot.php(363): CodeIgniter\CodeIgniter->run()
#11 C:\xampp\htdocs\ITE311-MACA\system\Boot.php(68): CodeIgniter\Boot::runCodeIgniter(Object(CodeIgniter\CodeIgniter))
#12 C:\xampp\htdocs\ITE311-MACA\public\index.php(59): CodeIgniter\Boot::bootWeb(Object(Config\Paths))
#13 C:\xampp\htdocs\ITE311-MACA\system\rewrite.php(64): require('C:\\xampp\\htdocs...')
#14 {main}
CRITICAL - 2025-12-02 07:33:09 --> CodeIgniter\Database\Exceptions\DatabaseException: Table 'lms_maca.notifications' doesn't exist
[Method: GET, Route: notifications]
in SYSTEMPATH\Database\BaseConnection.php on line 684.
 1 SYSTEMPATH\Database\BaseBuilder.php(1733): CodeIgniter\Database\BaseConnection->query('SELECT COUNT(*) AS `numrows`
FROM `notifications`
WHERE `user_id` = :user_id:
AND `is_read` = :is_read:', [...], false)
 2 SYSTEMPATH\Model.php(675): CodeIgniter\Database\BaseBuilder->countAllResults(true)
 3 APPPATH\Models\NotificationModel.php(23): CodeIgniter\Model->countAllResults()
 4 APPPATH\Controllers\Notifications.php(27): App\Models\NotificationModel->getUnreadCount(1)
 5 SYSTEMPATH\CodeIgniter.php(933): App\Controllers\Notifications->get()
 6 SYSTEMPATH\CodeIgniter.php(507): CodeIgniter\CodeIgniter->runController(Object(App\Controllers\Notifications))
 7 SYSTEMPATH\CodeIgniter.php(354): CodeIgniter\CodeIgniter->handleRequest(null, Object(Config\Cache), false)
 8 SYSTEMPATH\Boot.php(363): CodeIgniter\CodeIgniter->run()
 9 SYSTEMPATH\Boot.php(68): CodeIgniter\Boot::runCodeIgniter(Object(CodeIgniter\CodeIgniter))
10 FCPATH\index.php(59): CodeIgniter\Boot::bootWeb(Object(Config\Paths))
11 SYSTEMPATH\rewrite.php(64): require('C:\\xampp\\htdocs\\ITE311-MACA\\public\\index.php')
CRITICAL - 2025-12-02 07:33:09 --> [Caused by] CodeIgniter\Database\Exceptions\DatabaseException: Table 'lms_maca.notifications' doesn't exist
in SYSTEMPATH\Database\MySQLi\Connection.php on line 332.
 1 SYSTEMPATH\Database\BaseConnection.php(729): CodeIgniter\Database\MySQLi\Connection->execute('SELECT COUNT(*) AS `numrows`
FROM `notifications`
WHERE `user_id` = 1
AND `is_read` = 0')
 2 SYSTEMPATH\Database\BaseConnection.php(646): CodeIgniter\Database\BaseConnection->simpleQuery('SELECT COUNT(*) AS `numrows`
FROM `notifications`
WHERE `user_id` = 1
AND `is_read` = 0')
 3 SYSTEMPATH\Database\BaseBuilder.php(1733): CodeIgniter\Database\BaseConnection->query('SELECT COUNT(*) AS `numrows`
FROM `notifications`
WHERE `user_id` = :user_id:
AND `is_read` = :is_read:', [...], false)
 4 SYSTEMPATH\Model.php(675): CodeIgniter\Database\BaseBuilder->countAllResults(true)
 5 APPPATH\Models\NotificationModel.php(23): CodeIgniter\Model->countAllResults()
 6 APPPATH\Controllers\Notifications.php(27): App\Models\NotificationModel->getUnreadCount(1)
 7 SYSTEMPATH\CodeIgniter.php(933): App\Controllers\Notifications->get()
 8 SYSTEMPATH\CodeIgniter.php(507): CodeIgniter\CodeIgniter->runController(Object(App\Controllers\Notifications))
 9 SYSTEMPATH\CodeIgniter.php(354): CodeIgniter\CodeIgniter->handleRequest(null, Object(Config\Cache), false)
10 SYSTEMPATH\Boot.php(363): CodeIgniter\CodeIgniter->run()
11 SYSTEMPATH\Boot.php(68): CodeIgniter\Boot::runCodeIgniter(Object(CodeIgniter\CodeIgniter))
12 FCPATH\index.php(59): CodeIgniter\Boot::bootWeb(Object(Config\Paths))
13 SYSTEMPATH\rewrite.php(64): require('C:\\xampp\\htdocs\\ITE311-MACA\\public\\index.php')
CRITICAL - 2025-12-02 07:33:09 --> [Caused by] mysqli_sql_exception: Table 'lms_maca.notifications' doesn't exist
in SYSTEMPATH\Database\MySQLi\Connection.php on line 327.
 1 SYSTEMPATH\Database\MySQLi\Connection.php(327): mysqli->query('SELECT COUNT(*) AS `numrows`
FROM `notifications`
WHERE `user_id` = 1
AND `is_read` = 0', 0)
 2 SYSTEMPATH\Database\BaseConnection.php(729): CodeIgniter\Database\MySQLi\Connection->execute('SELECT COUNT(*) AS `numrows`
FROM `notifications`
WHERE `user_id` = 1
AND `is_read` = 0')
 3 SYSTEMPATH\Database\BaseConnection.php(646): CodeIgniter\Database\BaseConnection->simpleQuery('SELECT COUNT(*) AS `numrows`
FROM `notifications`
WHERE `user_id` = 1
AND `is_read` = 0')
 4 SYSTEMPATH\Database\BaseBuilder.php(1733): CodeIgniter\Database\BaseConnection->query('SELECT COUNT(*) AS `numrows`
FROM `notifications`
WHERE `user_id` = :user_id:
AND `is_read` = :is_read:', [...], false)
 5 SYSTEMPATH\Model.php(675): CodeIgniter\Database\BaseBuilder->countAllResults(true)
 6 APPPATH\Models\NotificationModel.php(23): CodeIgniter\Model->countAllResults()
 7 APPPATH\Controllers\Notifications.php(27): App\Models\NotificationModel->getUnreadCount(1)
 8 SYSTEMPATH\CodeIgniter.php(933): App\Controllers\Notifications->get()
 9 SYSTEMPATH\CodeIgniter.php(507): CodeIgniter\CodeIgniter->runController(Object(App\Controllers\Notifications))
10 SYSTEMPATH\CodeIgniter.php(354): CodeIgniter\CodeIgniter->handleRequest(null, Object(Config\Cache), false)
11 SYSTEMPATH\Boot.php(363): CodeIgniter\CodeIgniter->run()
12 SYSTEMPATH\Boot.php(68): CodeIgniter\Boot::runCodeIgniter(Object(CodeIgniter\CodeIgniter))
13 FCPATH\index.php(59): CodeIgniter\Boot::bootWeb(Object(Config\Paths))
14 SYSTEMPATH\rewrite.php(64): require('C:\\xampp\\htdocs\\ITE311-MACA\\public\\index.php')
DEBUG - 2025-12-02 07:39:06 --> Session: Class initialized using 'App\Libraries\CustomSessionHandler' driver.
DEBUG - 2025-12-02 07:39:07 --> Session: Class initialized using 'App\Libraries\CustomSessionHandler' driver.
DEBUG - 2025-12-02 07:39:09 --> Session: Class initialized using 'App\Libraries\CustomSessionHandler' driver.
ERROR - 2025-12-02 07:39:09 --> mysqli_sql_exception: Table 'lms_maca.notifications' doesn't exist in C:\xampp\htdocs\ITE311-MACA\system\Database\MySQLi\Connection.php:327
Stack trace:
#0 C:\xampp\htdocs\ITE311-MACA\system\Database\MySQLi\Connection.php(327): mysqli->query('SELECT COUNT(*)...', 0)
#1 C:\xampp\htdocs\ITE311-MACA\system\Database\BaseConnection.php(729): CodeIgniter\Database\MySQLi\Connection->execute('SELECT COUNT(*)...')
#2 C:\xampp\htdocs\ITE311-MACA\system\Database\BaseConnection.php(646): CodeIgniter\Database\BaseConnection->simpleQuery('SELECT COUNT(*)...')
#3 C:\xampp\htdocs\ITE311-MACA\system\Database\BaseBuilder.php(1733): CodeIgniter\Database\BaseConnection->query('SELECT COUNT(*)...', Array, false)
#4 C:\xampp\htdocs\ITE311-MACA\system\Model.php(675): CodeIgniter\Database\BaseBuilder->countAllResults(true)
#5 C:\xampp\htdocs\ITE311-MACA\app\Models\NotificationModel.php(23): CodeIgniter\Model->countAllResults()
#6 C:\xampp\htdocs\ITE311-MACA\app\Controllers\Notifications.php(27): App\Models\NotificationModel->getUnreadCount(1)
#7 C:\xampp\htdocs\ITE311-MACA\system\CodeIgniter.php(933): App\Controllers\Notifications->get()
#8 C:\xampp\htdocs\ITE311-MACA\system\CodeIgniter.php(507): CodeIgniter\CodeIgniter->runController(Object(App\Controllers\Notifications))
#9 C:\xampp\htdocs\ITE311-MACA\system\CodeIgniter.php(354): CodeIgniter\CodeIgniter->handleRequest(NULL, Object(Config\Cache), false)
#10 C:\xampp\htdocs\ITE311-MACA\system\Boot.php(363): CodeIgniter\CodeIgniter->run()
#11 C:\xampp\htdocs\ITE311-MACA\system\Boot.php(68): CodeIgniter\Boot::runCodeIgniter(Object(CodeIgniter\CodeIgniter))
#12 C:\xampp\htdocs\ITE311-MACA\public\index.php(59): CodeIgniter\Boot::bootWeb(Object(Config\Paths))
#13 C:\xampp\htdocs\ITE311-MACA\system\rewrite.php(64): require('C:\\xampp\\htdocs...')
#14 {main}
CRITICAL - 2025-12-02 07:39:09 --> CodeIgniter\Database\Exceptions\DatabaseException: Table 'lms_maca.notifications' doesn't exist
[Method: GET, Route: notifications]
in SYSTEMPATH\Database\BaseConnection.php on line 684.
 1 SYSTEMPATH\Database\BaseBuilder.php(1733): CodeIgniter\Database\BaseConnection->query('SELECT COUNT(*) AS `numrows`
FROM `notifications`
WHERE `user_id` = :user_id:
AND `is_read` = :is_read:', [...], false)
 2 SYSTEMPATH\Model.php(675): CodeIgniter\Database\BaseBuilder->countAllResults(true)
 3 APPPATH\Models\NotificationModel.php(23): CodeIgniter\Model->countAllResults()
 4 APPPATH\Controllers\Notifications.php(27): App\Models\NotificationModel->getUnreadCount(1)
 5 SYSTEMPATH\CodeIgniter.php(933): App\Controllers\Notifications->get()
 6 SYSTEMPATH\CodeIgniter.php(507): CodeIgniter\CodeIgniter->runController(Object(App\Controllers\Notifications))
 7 SYSTEMPATH\CodeIgniter.php(354): CodeIgniter\CodeIgniter->handleRequest(null, Object(Config\Cache), false)
 8 SYSTEMPATH\Boot.php(363): CodeIgniter\CodeIgniter->run()
 9 SYSTEMPATH\Boot.php(68): CodeIgniter\Boot::runCodeIgniter(Object(CodeIgniter\CodeIgniter))
10 FCPATH\index.php(59): CodeIgniter\Boot::bootWeb(Object(Config\Paths))
11 SYSTEMPATH\rewrite.php(64): require('C:\\xampp\\htdocs\\ITE311-MACA\\public\\index.php')
CRITICAL - 2025-12-02 07:39:09 --> [Caused by] CodeIgniter\Database\Exceptions\DatabaseException: Table 'lms_maca.notifications' doesn't exist
in SYSTEMPATH\Database\MySQLi\Connection.php on line 332.
 1 SYSTEMPATH\Database\BaseConnection.php(729): CodeIgniter\Database\MySQLi\Connection->execute('SELECT COUNT(*) AS `numrows`
FROM `notifications`
WHERE `user_id` = 1
AND `is_read` = 0')
 2 SYSTEMPATH\Database\BaseConnection.php(646): CodeIgniter\Database\BaseConnection->simpleQuery('SELECT COUNT(*) AS `numrows`
FROM `notifications`
WHERE `user_id` = 1
AND `is_read` = 0')
 3 SYSTEMPATH\Database\BaseBuilder.php(1733): CodeIgniter\Database\BaseConnection->query('SELECT COUNT(*) AS `numrows`
FROM `notifications`
WHERE `user_id` = :user_id:
AND `is_read` = :is_read:', [...], false)
 4 SYSTEMPATH\Model.php(675): CodeIgniter\Database\BaseBuilder->countAllResults(true)
 5 APPPATH\Models\NotificationModel.php(23): CodeIgniter\Model->countAllResults()
 6 APPPATH\Controllers\Notifications.php(27): App\Models\NotificationModel->getUnreadCount(1)
 7 SYSTEMPATH\CodeIgniter.php(933): App\Controllers\Notifications->get()
 8 SYSTEMPATH\CodeIgniter.php(507): CodeIgniter\CodeIgniter->runController(Object(App\Controllers\Notifications))
 9 SYSTEMPATH\CodeIgniter.php(354): CodeIgniter\CodeIgniter->handleRequest(null, Object(Config\Cache), false)
10 SYSTEMPATH\Boot.php(363): CodeIgniter\CodeIgniter->run()
11 SYSTEMPATH\Boot.php(68): CodeIgniter\Boot::runCodeIgniter(Object(CodeIgniter\CodeIgniter))
12 FCPATH\index.php(59): CodeIgniter\Boot::bootWeb(Object(Config\Paths))
13 SYSTEMPATH\rewrite.php(64): require('C:\\xampp\\htdocs\\ITE311-MACA\\public\\index.php')
CRITICAL - 2025-12-02 07:39:09 --> [Caused by] mysqli_sql_exception: Table 'lms_maca.notifications' doesn't exist
in SYSTEMPATH\Database\MySQLi\Connection.php on line 327.
 1 SYSTEMPATH\Database\MySQLi\Connection.php(327): mysqli->query('SELECT COUNT(*) AS `numrows`
FROM `notifications`
WHERE `user_id` = 1
AND `is_read` = 0', 0)
 2 SYSTEMPATH\Database\BaseConnection.php(729): CodeIgniter\Database\MySQLi\Connection->execute('SELECT COUNT(*) AS `numrows`
FROM `notifications`
WHERE `user_id` = 1
AND `is_read` = 0')
 3 SYSTEMPATH\Database\BaseConnection.php(646): CodeIgniter\Database\BaseConnection->simpleQuery('SELECT COUNT(*) AS `numrows`
FROM `notifications`
WHERE `user_id` = 1
AND `is_read` = 0')
 4 SYSTEMPATH\Database\BaseBuilder.php(1733): CodeIgniter\Database\BaseConnection->query('SELECT COUNT(*) AS `numrows`
FROM `notifications`
WHERE `user_id` = :user_id:
AND `is_read` = :is_read:', [...], false)
 5 SYSTEMPATH\Model.php(675): CodeIgniter\Database\BaseBuilder->countAllResults(true)
 6 APPPATH\Models\NotificationModel.php(23): CodeIgniter\Model->countAllResults()
 7 APPPATH\Controllers\Notifications.php(27): App\Models\NotificationModel->getUnreadCount(1)
 8 SYSTEMPATH\CodeIgniter.php(933): App\Controllers\Notifications->get()
 9 SYSTEMPATH\CodeIgniter.php(507): CodeIgniter\CodeIgniter->runController(Object(App\Controllers\Notifications))
10 SYSTEMPATH\CodeIgniter.php(354): CodeIgniter\CodeIgniter->handleRequest(null, Object(Config\Cache), false)
11 SYSTEMPATH\Boot.php(363): CodeIgniter\CodeIgniter->run()
12 SYSTEMPATH\Boot.php(68): CodeIgniter\Boot::runCodeIgniter(Object(CodeIgniter\CodeIgniter))
13 FCPATH\index.php(59): CodeIgniter\Boot::bootWeb(Object(Config\Paths))
14 SYSTEMPATH\rewrite.php(64): require('C:\\xampp\\htdocs\\ITE311-MACA\\public\\index.php')
DEBUG - 2025-12-02 07:39:53 --> Session: Class initialized using 'App\Libraries\CustomSessionHandler' driver.
