ERROR - 2025-12-01 15:50:01 --> mysqli_sql_exception: Invalid default value for 'created_at' in C:\xampp\htdocs\ITE311-MACA\system\Database\MySQLi\Connection.php:327
Stack trace:
#0 C:\xampp\htdocs\ITE311-MACA\system\Database\MySQLi\Connection.php(327): mysqli->query('CREATE TABLE `n...', 0)
#1 C:\xampp\htdocs\ITE311-MACA\system\Database\BaseConnection.php(729): CodeIgniter\Database\MySQLi\Connection->execute('CREATE TABLE `n...')
#2 C:\xampp\htdocs\ITE311-MACA\system\Database\BaseConnection.php(646): CodeIgniter\Database\BaseConnection->simpleQuery('CREATE TABLE `n...')
#3 C:\xampp\htdocs\ITE311-MACA\system\Database\Forge.php(570): CodeIgniter\Database\BaseConnection->query('CREATE TABLE `n...')
#4 C:\xampp\htdocs\ITE311-MACA\app\Database\Migrations\2025-10-25-132422_CreateNotificationsTable.php(46): CodeIgniter\Database\Forge->createTable('notifications', true)
#5 C:\xampp\htdocs\ITE311-MACA\system\Database\MigrationRunner.php(876): App\Database\Migrations\CreateNotificationsTable->up()
#6 C:\xampp\htdocs\ITE311-MACA\system\Database\MigrationRunner.php(182): CodeIgniter\Database\MigrationRunner->migrate('up', Object(stdClass))
#7 C:\xampp\htdocs\ITE311-MACA\system\Commands\Database\Migrate.php(85): CodeIgniter\Database\MigrationRunner->latest(NULL)
#8 C:\xampp\htdocs\ITE311-MACA\system\CLI\Commands.php(74): CodeIgniter\Commands\Database\Migrate->run(Array)
#9 C:\xampp\htdocs\ITE311-MACA\system\CLI\Console.php(47): CodeIgniter\CLI\Commands->run('migrate', Array)
#10 C:\xampp\htdocs\ITE311-MACA\system\Boot.php(388): CodeIgniter\CLI\Console->run()
#11 C:\xampp\htdocs\ITE311-MACA\system\Boot.php(133): CodeIgniter\Boot::runCommand(Object(CodeIgniter\CLI\Console))
#12 C:\xampp\htdocs\ITE311-MACA\spark(87): CodeIgniter\Boot::bootSpark(Object(Config\Paths))
#13 {main}
CRITICAL - 2025-12-01 15:50:01 --> ErrorException: require(C:\xampp\htdocs\ITE311-MACA\app\Views/errors/cli/error_exception.php): Failed to open stream: No such file or directory
[Method: CLI, Route: migrate]
in SYSTEMPATH\CLI\BaseCommand.php on line 133.
 1 SYSTEMPATH\CLI\BaseCommand.php(133): CodeIgniter\Debug\Exceptions->errorHandler(2, 'require(C:\\xampp\\htdocs\\ITE311-MACA\\app\\Views/errors/cli/error_exception.php): Failed to open stream: No such file or directory', 'C:\\xampp\\htdocs\\ITE311-MACA\\system\\CLI\\BaseCommand.php', 133)
 2 SYSTEMPATH\CLI\BaseCommand.php(133): require()
 3 SYSTEMPATH\Commands\Database\Migrate.php(99): CodeIgniter\CLI\BaseCommand->showError(Object(CodeIgniter\Database\Exceptions\DatabaseException))
 4 SYSTEMPATH\CLI\Commands.php(74): CodeIgniter\Commands\Database\Migrate->run([])
 5 SYSTEMPATH\CLI\Console.php(47): CodeIgniter\CLI\Commands->run('migrate', [])
 6 SYSTEMPATH\Boot.php(388): CodeIgniter\CLI\Console->run()
 7 SYSTEMPATH\Boot.php(133): CodeIgniter\Boot::runCommand(Object(CodeIgniter\CLI\Console))
 8 ROOTPATH\spark(87): CodeIgniter\Boot::bootSpark(Object(Config\Paths))
ERROR - 2025-12-01 15:50:45 --> mysqli_sql_exception: Invalid default value for 'created_at' in C:\xampp\htdocs\ITE311-MACA\system\Database\MySQLi\Connection.php:327
Stack trace:
#0 C:\xampp\htdocs\ITE311-MACA\system\Database\MySQLi\Connection.php(327): mysqli->query('CREATE TABLE `n...', 0)
#1 C:\xampp\htdocs\ITE311-MACA\system\Database\BaseConnection.php(729): CodeIgniter\Database\MySQLi\Connection->execute('CREATE TABLE `n...')
#2 C:\xampp\htdocs\ITE311-MACA\system\Database\BaseConnection.php(646): CodeIgniter\Database\BaseConnection->simpleQuery('CREATE TABLE `n...')
#3 C:\xampp\htdocs\ITE311-MACA\system\Database\Forge.php(570): CodeIgniter\Database\BaseConnection->query('CREATE TABLE `n...')
#4 C:\xampp\htdocs\ITE311-MACA\app\Database\Migrations\2025-10-25-132422_CreateNotificationsTable.php(46): CodeIgniter\Database\Forge->createTable('notifications', true)
#5 C:\xampp\htdocs\ITE311-MACA\system\Database\MigrationRunner.php(876): App\Database\Migrations\CreateNotificationsTable->up()
#6 C:\xampp\htdocs\ITE311-MACA\system\Database\MigrationRunner.php(182): CodeIgniter\Database\MigrationRunner->migrate('up', Object(stdClass))
#7 C:\xampp\htdocs\ITE311-MACA\system\Commands\Database\Migrate.php(85): CodeIgniter\Database\MigrationRunner->latest(NULL)
#8 C:\xampp\htdocs\ITE311-MACA\system\CLI\Commands.php(74): CodeIgniter\Commands\Database\Migrate->run(Array)
#9 C:\xampp\htdocs\ITE311-MACA\system\CLI\Console.php(47): CodeIgniter\CLI\Commands->run('migrate', Array)
#10 C:\xampp\htdocs\ITE311-MACA\system\Boot.php(388): CodeIgniter\CLI\Console->run()
#11 C:\xampp\htdocs\ITE311-MACA\system\Boot.php(133): CodeIgniter\Boot::runCommand(Object(CodeIgniter\CLI\Console))
#12 C:\xampp\htdocs\ITE311-MACA\spark(87): CodeIgniter\Boot::bootSpark(Object(Config\Paths))
#13 {main}
CRITICAL - 2025-12-01 15:50:45 --> ErrorException: require(C:\xampp\htdocs\ITE311-MACA\app\Views/errors/cli/error_exception.php): Failed to open stream: No such file or directory
[Method: CLI, Route: migrate]
in SYSTEMPATH\CLI\BaseCommand.php on line 133.
 1 SYSTEMPATH\CLI\BaseCommand.php(133): CodeIgniter\Debug\Exceptions->errorHandler(2, 'require(C:\\xampp\\htdocs\\ITE311-MACA\\app\\Views/errors/cli/error_exception.php): Failed to open stream: No such file or directory', 'C:\\xampp\\htdocs\\ITE311-MACA\\system\\CLI\\BaseCommand.php', 133)
 2 SYSTEMPATH\CLI\BaseCommand.php(133): require()
 3 SYSTEMPATH\Commands\Database\Migrate.php(99): CodeIgniter\CLI\BaseCommand->showError(Object(CodeIgniter\Database\Exceptions\DatabaseException))
 4 SYSTEMPATH\CLI\Commands.php(74): CodeIgniter\Commands\Database\Migrate->run([])
 5 SYSTEMPATH\CLI\Console.php(47): CodeIgniter\CLI\Commands->run('migrate', [])
 6 SYSTEMPATH\Boot.php(388): CodeIgniter\CLI\Console->run()
 7 SYSTEMPATH\Boot.php(133): CodeIgniter\Boot::runCommand(Object(CodeIgniter\CLI\Console))
 8 ROOTPATH\spark(87): CodeIgniter\Boot::bootSpark(Object(Config\Paths))
ERROR - 2025-12-01 15:51:44 --> mysqli_sql_exception: Invalid default value for 'created_at' in C:\xampp\htdocs\ITE311-MACA\system\Database\MySQLi\Connection.php:327
Stack trace:
#0 C:\xampp\htdocs\ITE311-MACA\system\Database\MySQLi\Connection.php(327): mysqli->query('CREATE TABLE `n...', 0)
#1 C:\xampp\htdocs\ITE311-MACA\system\Database\BaseConnection.php(729): CodeIgniter\Database\MySQLi\Connection->execute('CREATE TABLE `n...')
#2 C:\xampp\htdocs\ITE311-MACA\system\Database\BaseConnection.php(646): CodeIgniter\Database\BaseConnection->simpleQuery('CREATE TABLE `n...')
#3 C:\xampp\htdocs\ITE311-MACA\system\Database\Forge.php(570): CodeIgniter\Database\BaseConnection->query('CREATE TABLE `n...')
#4 C:\xampp\htdocs\ITE311-MACA\app\Database\Migrations\2025-10-25-132422_CreateNotificationsTable.php(46): CodeIgniter\Database\Forge->createTable('notifications', true)
#5 C:\xampp\htdocs\ITE311-MACA\system\Database\MigrationRunner.php(876): App\Database\Migrations\CreateNotificationsTable->up()
#6 C:\xampp\htdocs\ITE311-MACA\system\Database\MigrationRunner.php(182): CodeIgniter\Database\MigrationRunner->migrate('up', Object(stdClass))
#7 C:\xampp\htdocs\ITE311-MACA\system\Commands\Database\Migrate.php(85): CodeIgniter\Database\MigrationRunner->latest(NULL)
#8 C:\xampp\htdocs\ITE311-MACA\system\CLI\Commands.php(74): CodeIgniter\Commands\Database\Migrate->run(Array)
#9 C:\xampp\htdocs\ITE311-MACA\system\CLI\Console.php(47): CodeIgniter\CLI\Commands->run('migrate', Array)
#10 C:\xampp\htdocs\ITE311-MACA\system\Boot.php(388): CodeIgniter\CLI\Console->run()
#11 C:\xampp\htdocs\ITE311-MACA\system\Boot.php(133): CodeIgniter\Boot::runCommand(Object(CodeIgniter\CLI\Console))
#12 C:\xampp\htdocs\ITE311-MACA\spark(87): CodeIgniter\Boot::bootSpark(Object(Config\Paths))
#13 {main}
CRITICAL - 2025-12-01 15:51:44 --> ErrorException: require(C:\xampp\htdocs\ITE311-MACA\app\Views/errors/cli/error_exception.php): Failed to open stream: No such file or directory
[Method: CLI, Route: migrate]
in SYSTEMPATH\CLI\BaseCommand.php on line 133.
 1 SYSTEMPATH\CLI\BaseCommand.php(133): CodeIgniter\Debug\Exceptions->errorHandler(2, 'require(C:\\xampp\\htdocs\\ITE311-MACA\\app\\Views/errors/cli/error_exception.php): Failed to open stream: No such file or directory', 'C:\\xampp\\htdocs\\ITE311-MACA\\system\\CLI\\BaseCommand.php', 133)
 2 SYSTEMPATH\CLI\BaseCommand.php(133): require()
 3 SYSTEMPATH\Commands\Database\Migrate.php(99): CodeIgniter\CLI\BaseCommand->showError(Object(CodeIgniter\Database\Exceptions\DatabaseException))
 4 SYSTEMPATH\CLI\Commands.php(74): CodeIgniter\Commands\Database\Migrate->run([])
 5 SYSTEMPATH\CLI\Console.php(47): CodeIgniter\CLI\Commands->run('migrate', [])
 6 SYSTEMPATH\Boot.php(388): CodeIgniter\CLI\Console->run()
 7 SYSTEMPATH\Boot.php(133): CodeIgniter\Boot::runCommand(Object(CodeIgniter\CLI\Console))
 8 ROOTPATH\spark(87): CodeIgniter\Boot::bootSpark(Object(Config\Paths))
ERROR - 2025-12-01 15:52:03 --> mysqli_sql_exception: Invalid default value for 'created_at' in C:\xampp\htdocs\ITE311-MACA\system\Database\MySQLi\Connection.php:327
Stack trace:
#0 C:\xampp\htdocs\ITE311-MACA\system\Database\MySQLi\Connection.php(327): mysqli->query('CREATE TABLE `n...', 0)
#1 C:\xampp\htdocs\ITE311-MACA\system\Database\BaseConnection.php(729): CodeIgniter\Database\MySQLi\Connection->execute('CREATE TABLE `n...')
#2 C:\xampp\htdocs\ITE311-MACA\system\Database\BaseConnection.php(646): CodeIgniter\Database\BaseConnection->simpleQuery('CREATE TABLE `n...')
#3 C:\xampp\htdocs\ITE311-MACA\system\Database\Forge.php(570): CodeIgniter\Database\BaseConnection->query('CREATE TABLE `n...')
#4 C:\xampp\htdocs\ITE311-MACA\app\Database\Migrations\2025-10-25-132422_CreateNotificationsTable.php(46): CodeIgniter\Database\Forge->createTable('notifications', true)
#5 C:\xampp\htdocs\ITE311-MACA\system\Database\MigrationRunner.php(876): App\Database\Migrations\CreateNotificationsTable->up()
#6 C:\xampp\htdocs\ITE311-MACA\system\Database\MigrationRunner.php(182): CodeIgniter\Database\MigrationRunner->migrate('up', Object(stdClass))
#7 C:\xampp\htdocs\ITE311-MACA\system\Commands\Database\Migrate.php(85): CodeIgniter\Database\MigrationRunner->latest(NULL)
#8 C:\xampp\htdocs\ITE311-MACA\system\CLI\Commands.php(74): CodeIgniter\Commands\Database\Migrate->run(Array)
#9 C:\xampp\htdocs\ITE311-MACA\system\CLI\Console.php(47): CodeIgniter\CLI\Commands->run('migrate', Array)
#10 C:\xampp\htdocs\ITE311-MACA\system\Boot.php(388): CodeIgniter\CLI\Console->run()
#11 C:\xampp\htdocs\ITE311-MACA\system\Boot.php(133): CodeIgniter\Boot::runCommand(Object(CodeIgniter\CLI\Console))
#12 C:\xampp\htdocs\ITE311-MACA\spark(87): CodeIgniter\Boot::bootSpark(Object(Config\Paths))
#13 {main}
CRITICAL - 2025-12-01 15:52:03 --> ErrorException: require(C:\xampp\htdocs\ITE311-MACA\app\Views/errors/cli/error_exception.php): Failed to open stream: No such file or directory
[Method: CLI, Route: migrate]
in SYSTEMPATH\CLI\BaseCommand.php on line 133.
 1 SYSTEMPATH\CLI\BaseCommand.php(133): CodeIgniter\Debug\Exceptions->errorHandler(2, 'require(C:\\xampp\\htdocs\\ITE311-MACA\\app\\Views/errors/cli/error_exception.php): Failed to open stream: No such file or directory', 'C:\\xampp\\htdocs\\ITE311-MACA\\system\\CLI\\BaseCommand.php', 133)
 2 SYSTEMPATH\CLI\BaseCommand.php(133): require()
 3 SYSTEMPATH\Commands\Database\Migrate.php(99): CodeIgniter\CLI\BaseCommand->showError(Object(CodeIgniter\Database\Exceptions\DatabaseException))
 4 SYSTEMPATH\CLI\Commands.php(74): CodeIgniter\Commands\Database\Migrate->run([])
 5 SYSTEMPATH\CLI\Console.php(47): CodeIgniter\CLI\Commands->run('migrate', [])
 6 SYSTEMPATH\Boot.php(388): CodeIgniter\CLI\Console->run()
 7 SYSTEMPATH\Boot.php(133): CodeIgniter\Boot::runCommand(Object(CodeIgniter\CLI\Console))
 8 ROOTPATH\spark(87): CodeIgniter\Boot::bootSpark(Object(Config\Paths))
ERROR - 2025-12-01 15:55:12 --> mysqli_sql_exception: Invalid default value for 'created_at' in C:\xampp\htdocs\ITE311-MACA\system\Database\MySQLi\Connection.php:327
Stack trace:
#0 C:\xampp\htdocs\ITE311-MACA\system\Database\MySQLi\Connection.php(327): mysqli->query('CREATE TABLE `n...', 0)
#1 C:\xampp\htdocs\ITE311-MACA\system\Database\BaseConnection.php(729): CodeIgniter\Database\MySQLi\Connection->execute('CREATE TABLE `n...')
#2 C:\xampp\htdocs\ITE311-MACA\system\Database\BaseConnection.php(646): CodeIgniter\Database\BaseConnection->simpleQuery('CREATE TABLE `n...')
#3 C:\xampp\htdocs\ITE311-MACA\system\Database\Forge.php(570): CodeIgniter\Database\BaseConnection->query('CREATE TABLE `n...')
#4 C:\xampp\htdocs\ITE311-MACA\app\Database\Migrations\2025-10-25-132422_CreateNotificationsTable.php(46): CodeIgniter\Database\Forge->createTable('notifications', true)
#5 C:\xampp\htdocs\ITE311-MACA\system\Database\MigrationRunner.php(876): App\Database\Migrations\CreateNotificationsTable->up()
#6 C:\xampp\htdocs\ITE311-MACA\system\Database\MigrationRunner.php(182): CodeIgniter\Database\MigrationRunner->migrate('up', Object(stdClass))
#7 C:\xampp\htdocs\ITE311-MACA\system\Commands\Database\Migrate.php(85): CodeIgniter\Database\MigrationRunner->latest(NULL)
#8 C:\xampp\htdocs\ITE311-MACA\system\CLI\Commands.php(74): CodeIgniter\Commands\Database\Migrate->run(Array)
#9 C:\xampp\htdocs\ITE311-MACA\system\CLI\Console.php(47): CodeIgniter\CLI\Commands->run('migrate', Array)
#10 C:\xampp\htdocs\ITE311-MACA\system\Boot.php(388): CodeIgniter\CLI\Console->run()
#11 C:\xampp\htdocs\ITE311-MACA\system\Boot.php(133): CodeIgniter\Boot::runCommand(Object(CodeIgniter\CLI\Console))
#12 C:\xampp\htdocs\ITE311-MACA\spark(87): CodeIgniter\Boot::bootSpark(Object(Config\Paths))
#13 {main}
CRITICAL - 2025-12-01 15:55:12 --> ErrorException: require(C:\xampp\htdocs\ITE311-MACA\app\Views/errors/cli/error_exception.php): Failed to open stream: No such file or directory
[Method: CLI, Route: migrate]
in SYSTEMPATH\CLI\BaseCommand.php on line 133.
 1 SYSTEMPATH\CLI\BaseCommand.php(133): CodeIgniter\Debug\Exceptions->errorHandler(2, 'require(C:\\xampp\\htdocs\\ITE311-MACA\\app\\Views/errors/cli/error_exception.php): Failed to open stream: No such file or directory', 'C:\\xampp\\htdocs\\ITE311-MACA\\system\\CLI\\BaseCommand.php', 133)
 2 SYSTEMPATH\CLI\BaseCommand.php(133): require()
 3 SYSTEMPATH\Commands\Database\Migrate.php(99): CodeIgniter\CLI\BaseCommand->showError(Object(CodeIgniter\Database\Exceptions\DatabaseException))
 4 SYSTEMPATH\CLI\Commands.php(74): CodeIgniter\Commands\Database\Migrate->run([])
 5 SYSTEMPATH\CLI\Console.php(47): CodeIgniter\CLI\Commands->run('migrate', [])
 6 SYSTEMPATH\Boot.php(388): CodeIgniter\CLI\Console->run()
 7 SYSTEMPATH\Boot.php(133): CodeIgniter\Boot::runCommand(Object(CodeIgniter\CLI\Console))
 8 ROOTPATH\spark(87): CodeIgniter\Boot::bootSpark(Object(Config\Paths))
DEBUG - 2025-12-01 15:55:23 --> Session: Class initialized using 'App\Libraries\CustomSessionHandler' driver.
DEBUG - 2025-12-01 15:55:36 --> Session: Class initialized using 'App\Libraries\CustomSessionHandler' driver.
