DEBUG - 2025-10-25 12:51:15 --> Session: Class initialized using 'App\Libraries\CustomSessionHandler' driver.
DEBUG - 2025-10-25 12:51:15 --> Session: Class initialized using 'App\Libraries\CustomSessionHandler' driver.
DEBUG - 2025-10-25 12:51:19 --> Session: Class initialized using 'App\Libraries\CustomSessionHandler' driver.
DEBUG - 2025-10-25 12:51:20 --> Session: Class initialized using 'App\Libraries\CustomSessionHandler' driver.
ERROR - 2025-10-25 13:00:05 --> mysqli_sql_exception: Duplicate entry 'JeraldMaca@gmail.com' for key 'email' in C:\xampp\htdocs\ITE311-MACA\system\Database\MySQLi\Connection.php:327
Stack trace:
#0 C:\xampp\htdocs\ITE311-MACA\system\Database\MySQLi\Connection.php(327): mysqli->query('INSERT INTO `us...', 0)
#1 C:\xampp\htdocs\ITE311-MACA\system\Database\BaseConnection.php(729): CodeIgniter\Database\MySQLi\Connection->execute('INSERT INTO `us...')
#2 C:\xampp\htdocs\ITE311-MACA\system\Database\BaseConnection.php(646): CodeIgniter\Database\BaseConnection->simpleQuery('INSERT INTO `us...')
#3 C:\xampp\htdocs\ITE311-MACA\system\Database\BaseBuilder.php(1841): CodeIgniter\Database\BaseConnection->query('INSERT INTO `us...', NULL, false)
#4 C:\xampp\htdocs\ITE311-MACA\system\Database\BaseBuilder.php(2230): CodeIgniter\Database\BaseBuilder->batchExecute('_insertBatch', 100)
#5 C:\xampp\htdocs\ITE311-MACA\app\Database\Seeds\UserSeeder.php(38): CodeIgniter\Database\BaseBuilder->insertBatch(Array)
#6 C:\xampp\htdocs\ITE311-MACA\system\Database\Seeder.php(149): App\Database\Seeds\UserSeeder->run()
#7 C:\xampp\htdocs\ITE311-MACA\system\Commands\Database\Seed.php(79): CodeIgniter\Database\Seeder->call('App\\Database\\Se...')
#8 C:\xampp\htdocs\ITE311-MACA\system\CLI\Commands.php(74): CodeIgniter\Commands\Database\Seed->run(Array)
#9 C:\xampp\htdocs\ITE311-MACA\system\CLI\Console.php(47): CodeIgniter\CLI\Commands->run('db:seed', Array)
#10 C:\xampp\htdocs\ITE311-MACA\system\Boot.php(388): CodeIgniter\CLI\Console->run()
#11 C:\xampp\htdocs\ITE311-MACA\system\Boot.php(133): CodeIgniter\Boot::runCommand(Object(CodeIgniter\CLI\Console))
#12 C:\xampp\htdocs\ITE311-MACA\spark(87): CodeIgniter\Boot::bootSpark(Object(Config\Paths))
#13 {main}
CRITICAL - 2025-10-25 13:00:05 --> ErrorException: require(C:\xampp\htdocs\ITE311-MACA\app\Views/errors/cli/error_exception.php): Failed to open stream: No such file or directory
[Method: CLI, Route: db:seed/UserSeeder]
in SYSTEMPATH\CLI\BaseCommand.php on line 133.
 1 SYSTEMPATH\CLI\BaseCommand.php(133): CodeIgniter\Debug\Exceptions->errorHandler(2, 'require(C:\\xampp\\htdocs\\ITE311-MACA\\app\\Views/errors/cli/error_exception.php): Failed to open stream: No such file or directory', 'C:\\xampp\\htdocs\\ITE311-MACA\\system\\CLI\\BaseCommand.php', 133)
 2 SYSTEMPATH\CLI\BaseCommand.php(133): require()
 3 SYSTEMPATH\Commands\Database\Seed.php(81): CodeIgniter\CLI\BaseCommand->showError(Object(CodeIgniter\Database\Exceptions\DatabaseException))
 4 SYSTEMPATH\CLI\Commands.php(74): CodeIgniter\Commands\Database\Seed->run([])
 5 SYSTEMPATH\CLI\Console.php(47): CodeIgniter\CLI\Commands->run('db:seed', [...])
 6 SYSTEMPATH\Boot.php(388): CodeIgniter\CLI\Console->run()
 7 SYSTEMPATH\Boot.php(133): CodeIgniter\Boot::runCommand(Object(CodeIgniter\CLI\Console))
 8 ROOTPATH\spark(87): CodeIgniter\Boot::bootSpark(Object(Config\Paths))
DEBUG - 2025-10-25 13:01:36 --> Session: Class initialized using 'App\Libraries\CustomSessionHandler' driver.
DEBUG - 2025-10-25 13:01:37 --> Session: Class initialized using 'App\Libraries\CustomSessionHandler' driver.
ERROR - 2025-10-25 13:02:29 --> mysqli_sql_exception: Duplicate entry 'JeraldMaca@gmail.com' for key 'email' in C:\xampp\htdocs\ITE311-MACA\system\Database\MySQLi\Connection.php:327
Stack trace:
#0 C:\xampp\htdocs\ITE311-MACA\system\Database\MySQLi\Connection.php(327): mysqli->query('INSERT INTO `us...', 0)
#1 C:\xampp\htdocs\ITE311-MACA\system\Database\BaseConnection.php(729): CodeIgniter\Database\MySQLi\Connection->execute('INSERT INTO `us...')
#2 C:\xampp\htdocs\ITE311-MACA\system\Database\BaseConnection.php(646): CodeIgniter\Database\BaseConnection->simpleQuery('INSERT INTO `us...')
#3 C:\xampp\htdocs\ITE311-MACA\system\Database\BaseBuilder.php(1841): CodeIgniter\Database\BaseConnection->query('INSERT INTO `us...', NULL, false)
#4 C:\xampp\htdocs\ITE311-MACA\system\Database\BaseBuilder.php(2230): CodeIgniter\Database\BaseBuilder->batchExecute('_insertBatch', 100)
#5 C:\xampp\htdocs\ITE311-MACA\app\Database\Seeds\UserSeeder.php(38): CodeIgniter\Database\BaseBuilder->insertBatch(Array)
#6 C:\xampp\htdocs\ITE311-MACA\system\Database\Seeder.php(149): App\Database\Seeds\UserSeeder->run()
#7 C:\xampp\htdocs\ITE311-MACA\system\Commands\Database\Seed.php(79): CodeIgniter\Database\Seeder->call('App\\Database\\Se...')
#8 C:\xampp\htdocs\ITE311-MACA\system\CLI\Commands.php(74): CodeIgniter\Commands\Database\Seed->run(Array)
#9 C:\xampp\htdocs\ITE311-MACA\system\CLI\Console.php(47): CodeIgniter\CLI\Commands->run('db:seed', Array)
#10 C:\xampp\htdocs\ITE311-MACA\system\Boot.php(388): CodeIgniter\CLI\Console->run()
#11 C:\xampp\htdocs\ITE311-MACA\system\Boot.php(133): CodeIgniter\Boot::runCommand(Object(CodeIgniter\CLI\Console))
#12 C:\xampp\htdocs\ITE311-MACA\spark(87): CodeIgniter\Boot::bootSpark(Object(Config\Paths))
#13 {main}
CRITICAL - 2025-10-25 13:02:29 --> ErrorException: require(C:\xampp\htdocs\ITE311-MACA\app\Views/errors/cli/error_exception.php): Failed to open stream: No such file or directory
[Method: CLI, Route: db:seed/UserSeeder]
in SYSTEMPATH\CLI\BaseCommand.php on line 133.
 1 SYSTEMPATH\CLI\BaseCommand.php(133): CodeIgniter\Debug\Exceptions->errorHandler(2, 'require(C:\\xampp\\htdocs\\ITE311-MACA\\app\\Views/errors/cli/error_exception.php): Failed to open stream: No such file or directory', 'C:\\xampp\\htdocs\\ITE311-MACA\\system\\CLI\\BaseCommand.php', 133)
 2 SYSTEMPATH\CLI\BaseCommand.php(133): require()
 3 SYSTEMPATH\Commands\Database\Seed.php(81): CodeIgniter\CLI\BaseCommand->showError(Object(CodeIgniter\Database\Exceptions\DatabaseException))
 4 SYSTEMPATH\CLI\Commands.php(74): CodeIgniter\Commands\Database\Seed->run([])
 5 SYSTEMPATH\CLI\Console.php(47): CodeIgniter\CLI\Commands->run('db:seed', [...])
 6 SYSTEMPATH\Boot.php(388): CodeIgniter\CLI\Console->run()
 7 SYSTEMPATH\Boot.php(133): CodeIgniter\Boot::runCommand(Object(CodeIgniter\CLI\Console))
 8 ROOTPATH\spark(87): CodeIgniter\Boot::bootSpark(Object(Config\Paths))
DEBUG - 2025-10-25 13:02:37 --> Session: Class initialized using 'App\Libraries\CustomSessionHandler' driver.
DEBUG - 2025-10-25 13:03:15 --> Session: Class initialized using 'App\Libraries\CustomSessionHandler' driver.
DEBUG - 2025-10-25 13:03:16 --> Session: Class initialized using 'App\Libraries\CustomSessionHandler' driver.
DEBUG - 2025-10-25 13:03:29 --> Session: Class initialized using 'App\Libraries\CustomSessionHandler' driver.
DEBUG - 2025-10-25 13:03:29 --> Session: Class initialized using 'App\Libraries\CustomSessionHandler' driver.
DEBUG - 2025-10-25 13:03:33 --> Session: Class initialized using 'App\Libraries\CustomSessionHandler' driver.
DEBUG - 2025-10-25 13:03:34 --> Session: Class initialized using 'App\Libraries\CustomSessionHandler' driver.
DEBUG - 2025-10-25 13:03:35 --> Session: Class initialized using 'App\Libraries\CustomSessionHandler' driver.
DEBUG - 2025-10-25 13:03:37 --> Session: Class initialized using 'App\Libraries\CustomSessionHandler' driver.
DEBUG - 2025-10-25 13:03:38 --> Session: Class initialized using 'App\Libraries\CustomSessionHandler' driver.
DEBUG - 2025-10-25 13:03:45 --> Session: Class initialized using 'App\Libraries\CustomSessionHandler' driver.
DEBUG - 2025-10-25 13:03:47 --> Session: Class initialized using 'App\Libraries\CustomSessionHandler' driver.
DEBUG - 2025-10-25 13:04:03 --> Session: Class initialized using 'App\Libraries\CustomSessionHandler' driver.
DEBUG - 2025-10-25 13:04:04 --> Session: Class initialized using 'App\Libraries\CustomSessionHandler' driver.
DEBUG - 2025-10-25 13:04:07 --> Session: Class initialized using 'App\Libraries\CustomSessionHandler' driver.
DEBUG - 2025-10-25 13:04:08 --> Session: Class initialized using 'App\Libraries\CustomSessionHandler' driver.
DEBUG - 2025-10-25 13:04:15 --> Session: Class initialized using 'App\Libraries\CustomSessionHandler' driver.
CRITICAL - 2025-10-25 13:04:15 --> Error: Class "App\Models\NotificationModel" not found
[Method: GET, Route: student/courses]
in APPPATH\Controllers\Student\Enroll.php on line 21.
 1 SYSTEMPATH\CodeIgniter.php(903): App\Controllers\Student\Enroll->__construct()
 2 SYSTEMPATH\CodeIgniter.php(498): CodeIgniter\CodeIgniter->createController()
 3 SYSTEMPATH\CodeIgniter.php(354): CodeIgniter\CodeIgniter->handleRequest(null, Object(Config\Cache), false)
 4 SYSTEMPATH\Boot.php(363): CodeIgniter\CodeIgniter->run()
 5 SYSTEMPATH\Boot.php(68): CodeIgniter\Boot::runCodeIgniter(Object(CodeIgniter\CodeIgniter))
 6 FCPATH\index.php(59): CodeIgniter\Boot::bootWeb(Object(Config\Paths))
DEBUG - 2025-10-25 13:04:17 --> Session: Class initialized using 'App\Libraries\CustomSessionHandler' driver.
DEBUG - 2025-10-25 13:04:20 --> Session: Class initialized using 'App\Libraries\CustomSessionHandler' driver.
INFO - 2025-10-25 13:04:20 --> CSRF token verified.
DEBUG - 2025-10-25 13:04:28 --> Session: Class initialized using 'App\Libraries\CustomSessionHandler' driver.
DEBUG - 2025-10-25 13:12:10 --> Session: Class initialized using 'App\Libraries\CustomSessionHandler' driver.
DEBUG - 2025-10-25 13:12:11 --> Session: Class initialized using 'App\Libraries\CustomSessionHandler' driver.
DEBUG - 2025-10-25 13:13:11 --> Session: Class initialized using 'App\Libraries\CustomSessionHandler' driver.
DEBUG - 2025-10-25 13:13:46 --> Session: Class initialized using 'App\Libraries\CustomSessionHandler' driver.
DEBUG - 2025-10-25 13:13:47 --> Session: Class initialized using 'App\Libraries\CustomSessionHandler' driver.
CRITICAL - 2025-10-25 13:13:47 --> ParseError: syntax error, unexpected token "public"
[Method: GET, Route: notifications]
in APPPATH\Controllers\Notifications.php on line 89.
 1 SYSTEMPATH\Autoloader\Autoloader.php(295): CodeIgniter\Autoloader\Autoloader->includeFile('C:\\xampp\\htdocs\\ITE311-MACA\\app\\Controllers\\Notifications.php')
 2 SYSTEMPATH\Autoloader\Autoloader.php(271): CodeIgniter\Autoloader\Autoloader->loadInNamespace('App\\Controllers\\Notifications')
 3 [internal function]: CodeIgniter\Autoloader\Autoloader->loadClass('App\\Controllers\\Notifications')
 4 SYSTEMPATH\CodeIgniter.php(885): class_exists('\\App\\Controllers\\Notifications', true)
 5 SYSTEMPATH\CodeIgniter.php(494): CodeIgniter\CodeIgniter->startController()
 6 SYSTEMPATH\CodeIgniter.php(354): CodeIgniter\CodeIgniter->handleRequest(null, Object(Config\Cache), false)
 7 SYSTEMPATH\Boot.php(363): CodeIgniter\CodeIgniter->run()
 8 SYSTEMPATH\Boot.php(68): CodeIgniter\Boot::runCodeIgniter(Object(CodeIgniter\CodeIgniter))
 9 FCPATH\index.php(59): CodeIgniter\Boot::bootWeb(Object(Config\Paths))
DEBUG - 2025-10-25 13:14:12 --> Session: Class initialized using 'App\Libraries\CustomSessionHandler' driver.
DEBUG - 2025-10-25 13:14:13 --> Session: Class initialized using 'App\Libraries\CustomSessionHandler' driver.
CRITICAL - 2025-10-25 13:14:13 --> ParseError: syntax error, unexpected token "public"
[Method: GET, Route: notifications]
in APPPATH\Controllers\Notifications.php on line 89.
 1 SYSTEMPATH\Autoloader\Autoloader.php(295): CodeIgniter\Autoloader\Autoloader->includeFile('C:\\xampp\\htdocs\\ITE311-MACA\\app\\Controllers\\Notifications.php')
 2 SYSTEMPATH\Autoloader\Autoloader.php(271): CodeIgniter\Autoloader\Autoloader->loadInNamespace('App\\Controllers\\Notifications')
 3 [internal function]: CodeIgniter\Autoloader\Autoloader->loadClass('App\\Controllers\\Notifications')
 4 SYSTEMPATH\CodeIgniter.php(885): class_exists('\\App\\Controllers\\Notifications', true)
 5 SYSTEMPATH\CodeIgniter.php(494): CodeIgniter\CodeIgniter->startController()
 6 SYSTEMPATH\CodeIgniter.php(354): CodeIgniter\CodeIgniter->handleRequest(null, Object(Config\Cache), false)
 7 SYSTEMPATH\Boot.php(363): CodeIgniter\CodeIgniter->run()
 8 SYSTEMPATH\Boot.php(68): CodeIgniter\Boot::runCodeIgniter(Object(CodeIgniter\CodeIgniter))
 9 FCPATH\index.php(59): CodeIgniter\Boot::bootWeb(Object(Config\Paths))
DEBUG - 2025-10-25 13:14:24 --> Session: Class initialized using 'App\Libraries\CustomSessionHandler' driver.
DEBUG - 2025-10-25 13:14:26 --> Session: Class initialized using 'App\Libraries\CustomSessionHandler' driver.
CRITICAL - 2025-10-25 13:14:26 --> ParseError: syntax error, unexpected token "public"
[Method: GET, Route: notifications]
in APPPATH\Controllers\Notifications.php on line 89.
 1 SYSTEMPATH\Autoloader\Autoloader.php(295): CodeIgniter\Autoloader\Autoloader->includeFile('C:\\xampp\\htdocs\\ITE311-MACA\\app\\Controllers\\Notifications.php')
 2 SYSTEMPATH\Autoloader\Autoloader.php(271): CodeIgniter\Autoloader\Autoloader->loadInNamespace('App\\Controllers\\Notifications')
 3 [internal function]: CodeIgniter\Autoloader\Autoloader->loadClass('App\\Controllers\\Notifications')
 4 SYSTEMPATH\CodeIgniter.php(885): class_exists('\\App\\Controllers\\Notifications', true)
 5 SYSTEMPATH\CodeIgniter.php(494): CodeIgniter\CodeIgniter->startController()
 6 SYSTEMPATH\CodeIgniter.php(354): CodeIgniter\CodeIgniter->handleRequest(null, Object(Config\Cache), false)
 7 SYSTEMPATH\Boot.php(363): CodeIgniter\CodeIgniter->run()
 8 SYSTEMPATH\Boot.php(68): CodeIgniter\Boot::runCodeIgniter(Object(CodeIgniter\CodeIgniter))
 9 FCPATH\index.php(59): CodeIgniter\Boot::bootWeb(Object(Config\Paths))
DEBUG - 2025-10-25 13:14:30 --> Session: Class initialized using 'App\Libraries\CustomSessionHandler' driver.
DEBUG - 2025-10-25 13:14:31 --> Session: Class initialized using 'App\Libraries\CustomSessionHandler' driver.
CRITICAL - 2025-10-25 13:14:31 --> ParseError: syntax error, unexpected token "public"
[Method: GET, Route: notifications]
in APPPATH\Controllers\Notifications.php on line 89.
 1 SYSTEMPATH\Autoloader\Autoloader.php(295): CodeIgniter\Autoloader\Autoloader->includeFile('C:\\xampp\\htdocs\\ITE311-MACA\\app\\Controllers\\Notifications.php')
 2 SYSTEMPATH\Autoloader\Autoloader.php(271): CodeIgniter\Autoloader\Autoloader->loadInNamespace('App\\Controllers\\Notifications')
 3 [internal function]: CodeIgniter\Autoloader\Autoloader->loadClass('App\\Controllers\\Notifications')
 4 SYSTEMPATH\CodeIgniter.php(885): class_exists('\\App\\Controllers\\Notifications', true)
 5 SYSTEMPATH\CodeIgniter.php(494): CodeIgniter\CodeIgniter->startController()
 6 SYSTEMPATH\CodeIgniter.php(354): CodeIgniter\CodeIgniter->handleRequest(null, Object(Config\Cache), false)
 7 SYSTEMPATH\Boot.php(363): CodeIgniter\CodeIgniter->run()
 8 SYSTEMPATH\Boot.php(68): CodeIgniter\Boot::runCodeIgniter(Object(CodeIgniter\CodeIgniter))
 9 FCPATH\index.php(59): CodeIgniter\Boot::bootWeb(Object(Config\Paths))
DEBUG - 2025-10-25 13:14:50 --> Session: Class initialized using 'App\Libraries\CustomSessionHandler' driver.
DEBUG - 2025-10-25 13:14:51 --> Session: Class initialized using 'App\Libraries\CustomSessionHandler' driver.
CRITICAL - 2025-10-25 13:14:51 --> ParseError: syntax error, unexpected token "public"
[Method: GET, Route: notifications]
in APPPATH\Controllers\Notifications.php on line 89.
 1 SYSTEMPATH\Autoloader\Autoloader.php(295): CodeIgniter\Autoloader\Autoloader->includeFile('C:\\xampp\\htdocs\\ITE311-MACA\\app\\Controllers\\Notifications.php')
 2 SYSTEMPATH\Autoloader\Autoloader.php(271): CodeIgniter\Autoloader\Autoloader->loadInNamespace('App\\Controllers\\Notifications')
 3 [internal function]: CodeIgniter\Autoloader\Autoloader->loadClass('App\\Controllers\\Notifications')
 4 SYSTEMPATH\CodeIgniter.php(885): class_exists('\\App\\Controllers\\Notifications', true)
 5 SYSTEMPATH\CodeIgniter.php(494): CodeIgniter\CodeIgniter->startController()
 6 SYSTEMPATH\CodeIgniter.php(354): CodeIgniter\CodeIgniter->handleRequest(null, Object(Config\Cache), false)
 7 SYSTEMPATH\Boot.php(363): CodeIgniter\CodeIgniter->run()
 8 SYSTEMPATH\Boot.php(68): CodeIgniter\Boot::runCodeIgniter(Object(CodeIgniter\CodeIgniter))
 9 FCPATH\index.php(59): CodeIgniter\Boot::bootWeb(Object(Config\Paths))
DEBUG - 2025-10-25 13:14:59 --> Session: Class initialized using 'App\Libraries\CustomSessionHandler' driver.
DEBUG - 2025-10-25 13:15:02 --> Session: Class initialized using 'App\Libraries\CustomSessionHandler' driver.
DEBUG - 2025-10-25 13:15:03 --> Session: Class initialized using 'App\Libraries\CustomSessionHandler' driver.
CRITICAL - 2025-10-25 13:15:03 --> ParseError: syntax error, unexpected token "public"
[Method: GET, Route: notifications]
in APPPATH\Controllers\Notifications.php on line 89.
 1 SYSTEMPATH\Autoloader\Autoloader.php(295): CodeIgniter\Autoloader\Autoloader->includeFile('C:\\xampp\\htdocs\\ITE311-MACA\\app\\Controllers\\Notifications.php')
 2 SYSTEMPATH\Autoloader\Autoloader.php(271): CodeIgniter\Autoloader\Autoloader->loadInNamespace('App\\Controllers\\Notifications')
 3 [internal function]: CodeIgniter\Autoloader\Autoloader->loadClass('App\\Controllers\\Notifications')
 4 SYSTEMPATH\CodeIgniter.php(885): class_exists('\\App\\Controllers\\Notifications', true)
 5 SYSTEMPATH\CodeIgniter.php(494): CodeIgniter\CodeIgniter->startController()
 6 SYSTEMPATH\CodeIgniter.php(354): CodeIgniter\CodeIgniter->handleRequest(null, Object(Config\Cache), false)
 7 SYSTEMPATH\Boot.php(363): CodeIgniter\CodeIgniter->run()
 8 SYSTEMPATH\Boot.php(68): CodeIgniter\Boot::runCodeIgniter(Object(CodeIgniter\CodeIgniter))
 9 FCPATH\index.php(59): CodeIgniter\Boot::bootWeb(Object(Config\Paths))
DEBUG - 2025-10-25 13:15:05 --> Session: Class initialized using 'App\Libraries\CustomSessionHandler' driver.
DEBUG - 2025-10-25 13:15:06 --> Session: Class initialized using 'App\Libraries\CustomSessionHandler' driver.
CRITICAL - 2025-10-25 13:15:06 --> ParseError: syntax error, unexpected token "public"
[Method: GET, Route: notifications]
in APPPATH\Controllers\Notifications.php on line 89.
 1 SYSTEMPATH\Autoloader\Autoloader.php(295): CodeIgniter\Autoloader\Autoloader->includeFile('C:\\xampp\\htdocs\\ITE311-MACA\\app\\Controllers\\Notifications.php')
 2 SYSTEMPATH\Autoloader\Autoloader.php(271): CodeIgniter\Autoloader\Autoloader->loadInNamespace('App\\Controllers\\Notifications')
 3 [internal function]: CodeIgniter\Autoloader\Autoloader->loadClass('App\\Controllers\\Notifications')
 4 SYSTEMPATH\CodeIgniter.php(885): class_exists('\\App\\Controllers\\Notifications', true)
 5 SYSTEMPATH\CodeIgniter.php(494): CodeIgniter\CodeIgniter->startController()
 6 SYSTEMPATH\CodeIgniter.php(354): CodeIgniter\CodeIgniter->handleRequest(null, Object(Config\Cache), false)
 7 SYSTEMPATH\Boot.php(363): CodeIgniter\CodeIgniter->run()
 8 SYSTEMPATH\Boot.php(68): CodeIgniter\Boot::runCodeIgniter(Object(CodeIgniter\CodeIgniter))
 9 FCPATH\index.php(59): CodeIgniter\Boot::bootWeb(Object(Config\Paths))
DEBUG - 2025-10-25 13:15:16 --> Session: Class initialized using 'App\Libraries\CustomSessionHandler' driver.
DEBUG - 2025-10-25 13:15:17 --> Session: Class initialized using 'App\Libraries\CustomSessionHandler' driver.
CRITICAL - 2025-10-25 13:15:17 --> ParseError: syntax error, unexpected token "public"
[Method: GET, Route: notifications]
in APPPATH\Controllers\Notifications.php on line 89.
 1 SYSTEMPATH\Autoloader\Autoloader.php(295): CodeIgniter\Autoloader\Autoloader->includeFile('C:\\xampp\\htdocs\\ITE311-MACA\\app\\Controllers\\Notifications.php')
 2 SYSTEMPATH\Autoloader\Autoloader.php(271): CodeIgniter\Autoloader\Autoloader->loadInNamespace('App\\Controllers\\Notifications')
 3 [internal function]: CodeIgniter\Autoloader\Autoloader->loadClass('App\\Controllers\\Notifications')
 4 SYSTEMPATH\CodeIgniter.php(885): class_exists('\\App\\Controllers\\Notifications', true)
 5 SYSTEMPATH\CodeIgniter.php(494): CodeIgniter\CodeIgniter->startController()
 6 SYSTEMPATH\CodeIgniter.php(354): CodeIgniter\CodeIgniter->handleRequest(null, Object(Config\Cache), false)
 7 SYSTEMPATH\Boot.php(363): CodeIgniter\CodeIgniter->run()
 8 SYSTEMPATH\Boot.php(68): CodeIgniter\Boot::runCodeIgniter(Object(CodeIgniter\CodeIgniter))
 9 FCPATH\index.php(59): CodeIgniter\Boot::bootWeb(Object(Config\Paths))
DEBUG - 2025-10-25 13:15:25 --> Session: Class initialized using 'App\Libraries\CustomSessionHandler' driver.
DEBUG - 2025-10-25 13:15:26 --> Session: Class initialized using 'App\Libraries\CustomSessionHandler' driver.
CRITICAL - 2025-10-25 13:15:26 --> ParseError: syntax error, unexpected token "public"
[Method: GET, Route: notifications]
in APPPATH\Controllers\Notifications.php on line 89.
 1 SYSTEMPATH\Autoloader\Autoloader.php(295): CodeIgniter\Autoloader\Autoloader->includeFile('C:\\xampp\\htdocs\\ITE311-MACA\\app\\Controllers\\Notifications.php')
 2 SYSTEMPATH\Autoloader\Autoloader.php(271): CodeIgniter\Autoloader\Autoloader->loadInNamespace('App\\Controllers\\Notifications')
 3 [internal function]: CodeIgniter\Autoloader\Autoloader->loadClass('App\\Controllers\\Notifications')
 4 SYSTEMPATH\CodeIgniter.php(885): class_exists('\\App\\Controllers\\Notifications', true)
 5 SYSTEMPATH\CodeIgniter.php(494): CodeIgniter\CodeIgniter->startController()
 6 SYSTEMPATH\CodeIgniter.php(354): CodeIgniter\CodeIgniter->handleRequest(null, Object(Config\Cache), false)
 7 SYSTEMPATH\Boot.php(363): CodeIgniter\CodeIgniter->run()
 8 SYSTEMPATH\Boot.php(68): CodeIgniter\Boot::runCodeIgniter(Object(CodeIgniter\CodeIgniter))
 9 FCPATH\index.php(59): CodeIgniter\Boot::bootWeb(Object(Config\Paths))
DEBUG - 2025-10-25 13:15:28 --> Session: Class initialized using 'App\Libraries\CustomSessionHandler' driver.
DEBUG - 2025-10-25 13:15:29 --> Session: Class initialized using 'App\Libraries\CustomSessionHandler' driver.
CRITICAL - 2025-10-25 13:15:29 --> ParseError: syntax error, unexpected token "public"
[Method: GET, Route: notifications]
in APPPATH\Controllers\Notifications.php on line 89.
 1 SYSTEMPATH\Autoloader\Autoloader.php(295): CodeIgniter\Autoloader\Autoloader->includeFile('C:\\xampp\\htdocs\\ITE311-MACA\\app\\Controllers\\Notifications.php')
 2 SYSTEMPATH\Autoloader\Autoloader.php(271): CodeIgniter\Autoloader\Autoloader->loadInNamespace('App\\Controllers\\Notifications')
 3 [internal function]: CodeIgniter\Autoloader\Autoloader->loadClass('App\\Controllers\\Notifications')
 4 SYSTEMPATH\CodeIgniter.php(885): class_exists('\\App\\Controllers\\Notifications', true)
 5 SYSTEMPATH\CodeIgniter.php(494): CodeIgniter\CodeIgniter->startController()
 6 SYSTEMPATH\CodeIgniter.php(354): CodeIgniter\CodeIgniter->handleRequest(null, Object(Config\Cache), false)
 7 SYSTEMPATH\Boot.php(363): CodeIgniter\CodeIgniter->run()
 8 SYSTEMPATH\Boot.php(68): CodeIgniter\Boot::runCodeIgniter(Object(CodeIgniter\CodeIgniter))
 9 FCPATH\index.php(59): CodeIgniter\Boot::bootWeb(Object(Config\Paths))
ERROR - 2025-10-25 13:15:36 --> mysqli_sql_exception: Duplicate entry 'JeraldMaca@gmail.com' for key 'email' in C:\xampp\htdocs\ITE311-MACA\system\Database\MySQLi\Connection.php:327
Stack trace:
#0 C:\xampp\htdocs\ITE311-MACA\system\Database\MySQLi\Connection.php(327): mysqli->query('INSERT INTO `us...', 0)
#1 C:\xampp\htdocs\ITE311-MACA\system\Database\BaseConnection.php(729): CodeIgniter\Database\MySQLi\Connection->execute('INSERT INTO `us...')
#2 C:\xampp\htdocs\ITE311-MACA\system\Database\BaseConnection.php(646): CodeIgniter\Database\BaseConnection->simpleQuery('INSERT INTO `us...')
#3 C:\xampp\htdocs\ITE311-MACA\system\Database\BaseBuilder.php(1841): CodeIgniter\Database\BaseConnection->query('INSERT INTO `us...', NULL, false)
#4 C:\xampp\htdocs\ITE311-MACA\system\Database\BaseBuilder.php(2230): CodeIgniter\Database\BaseBuilder->batchExecute('_insertBatch', 100)
#5 C:\xampp\htdocs\ITE311-MACA\app\Database\Seeds\UserSeeder.php(38): CodeIgniter\Database\BaseBuilder->insertBatch(Array)
#6 C:\xampp\htdocs\ITE311-MACA\system\Database\Seeder.php(149): App\Database\Seeds\UserSeeder->run()
#7 C:\xampp\htdocs\ITE311-MACA\system\Commands\Database\Seed.php(79): CodeIgniter\Database\Seeder->call('App\\Database\\Se...')
#8 C:\xampp\htdocs\ITE311-MACA\system\CLI\Commands.php(74): CodeIgniter\Commands\Database\Seed->run(Array)
#9 C:\xampp\htdocs\ITE311-MACA\system\CLI\Console.php(47): CodeIgniter\CLI\Commands->run('db:seed', Array)
#10 C:\xampp\htdocs\ITE311-MACA\system\Boot.php(388): CodeIgniter\CLI\Console->run()
#11 C:\xampp\htdocs\ITE311-MACA\system\Boot.php(133): CodeIgniter\Boot::runCommand(Object(CodeIgniter\CLI\Console))
#12 C:\xampp\htdocs\ITE311-MACA\spark(87): CodeIgniter\Boot::bootSpark(Object(Config\Paths))
#13 {main}
CRITICAL - 2025-10-25 13:15:36 --> ErrorException: require(C:\xampp\htdocs\ITE311-MACA\app\Views/errors/cli/error_exception.php): Failed to open stream: No such file or directory
[Method: CLI, Route: db:seed/UserSeeder]
in SYSTEMPATH\CLI\BaseCommand.php on line 133.
 1 SYSTEMPATH\CLI\BaseCommand.php(133): CodeIgniter\Debug\Exceptions->errorHandler(2, 'require(C:\\xampp\\htdocs\\ITE311-MACA\\app\\Views/errors/cli/error_exception.php): Failed to open stream: No such file or directory', 'C:\\xampp\\htdocs\\ITE311-MACA\\system\\CLI\\BaseCommand.php', 133)
 2 SYSTEMPATH\CLI\BaseCommand.php(133): require()
 3 SYSTEMPATH\Commands\Database\Seed.php(81): CodeIgniter\CLI\BaseCommand->showError(Object(CodeIgniter\Database\Exceptions\DatabaseException))
 4 SYSTEMPATH\CLI\Commands.php(74): CodeIgniter\Commands\Database\Seed->run([])
 5 SYSTEMPATH\CLI\Console.php(47): CodeIgniter\CLI\Commands->run('db:seed', [...])
 6 SYSTEMPATH\Boot.php(388): CodeIgniter\CLI\Console->run()
 7 SYSTEMPATH\Boot.php(133): CodeIgniter\Boot::runCommand(Object(CodeIgniter\CLI\Console))
 8 ROOTPATH\spark(87): CodeIgniter\Boot::bootSpark(Object(Config\Paths))
DEBUG - 2025-10-25 13:16:06 --> Session: Class initialized using 'App\Libraries\CustomSessionHandler' driver.
DEBUG - 2025-10-25 13:16:07 --> Session: Class initialized using 'App\Libraries\CustomSessionHandler' driver.
CRITICAL - 2025-10-25 13:16:07 --> ParseError: syntax error, unexpected token "public"
[Method: GET, Route: notifications]
in APPPATH\Controllers\Notifications.php on line 89.
 1 SYSTEMPATH\Autoloader\Autoloader.php(295): CodeIgniter\Autoloader\Autoloader->includeFile('C:\\xampp\\htdocs\\ITE311-MACA\\app\\Controllers\\Notifications.php')
 2 SYSTEMPATH\Autoloader\Autoloader.php(271): CodeIgniter\Autoloader\Autoloader->loadInNamespace('App\\Controllers\\Notifications')
 3 [internal function]: CodeIgniter\Autoloader\Autoloader->loadClass('App\\Controllers\\Notifications')
 4 SYSTEMPATH\CodeIgniter.php(885): class_exists('\\App\\Controllers\\Notifications', true)
 5 SYSTEMPATH\CodeIgniter.php(494): CodeIgniter\CodeIgniter->startController()
 6 SYSTEMPATH\CodeIgniter.php(354): CodeIgniter\CodeIgniter->handleRequest(null, Object(Config\Cache), false)
 7 SYSTEMPATH\Boot.php(363): CodeIgniter\CodeIgniter->run()
 8 SYSTEMPATH\Boot.php(68): CodeIgniter\Boot::runCodeIgniter(Object(CodeIgniter\CodeIgniter))
 9 FCPATH\index.php(59): CodeIgniter\Boot::bootWeb(Object(Config\Paths))
ERROR - 2025-10-25 13:16:34 --> Error connecting to the database: mysqli_sql_exception: Unknown database 'lms_db' in C:\xampp\htdocs\ITE311-MACA\system\Database\MySQLi\Connection.php:202
Stack trace:
#0 C:\xampp\htdocs\ITE311-MACA\system\Database\MySQLi\Connection.php(202): mysqli->real_connect('localhost', 'root', '', 'lms_db', 3306, '', 0)
#1 C:\xampp\htdocs\ITE311-MACA\system\Database\BaseConnection.php(419): CodeIgniter\Database\MySQLi\Connection->connect(false)
#2 C:\xampp\htdocs\ITE311-MACA\system\Database\Database.php(72): CodeIgniter\Database\BaseConnection->initialize()
#3 C:\xampp\htdocs\ITE311-MACA\system\Database\Config.php(109): CodeIgniter\Database\Database->loadForge(Object(CodeIgniter\Database\MySQLi\Connection))
#4 C:\xampp\htdocs\ITE311-MACA\system\Database\Seeder.php(98): CodeIgniter\Database\Config::forge(NULL)
#5 C:\xampp\htdocs\ITE311-MACA\system\Commands\Database\Seed.php(71): CodeIgniter\Database\Seeder->__construct(Object(Config\Database))
#6 C:\xampp\htdocs\ITE311-MACA\system\CLI\Commands.php(74): CodeIgniter\Commands\Database\Seed->run(Array)
#7 C:\xampp\htdocs\ITE311-MACA\system\CLI\Console.php(47): CodeIgniter\CLI\Commands->run('db:seed', Array)
#8 C:\xampp\htdocs\ITE311-MACA\system\Boot.php(388): CodeIgniter\CLI\Console->run()
#9 C:\xampp\htdocs\ITE311-MACA\system\Boot.php(133): CodeIgniter\Boot::runCommand(Object(CodeIgniter\CLI\Console))
#10 C:\xampp\htdocs\ITE311-MACA\spark(87): CodeIgniter\Boot::bootSpark(Object(Config\Paths))
#11 {main}

Next CodeIgniter\Database\Exceptions\DatabaseException: Unknown database 'lms_db' in C:\xampp\htdocs\ITE311-MACA\system\Database\MySQLi\Connection.php:246
Stack trace:
#0 C:\xampp\htdocs\ITE311-MACA\system\Database\BaseConnection.php(419): CodeIgniter\Database\MySQLi\Connection->connect(false)
#1 C:\xampp\htdocs\ITE311-MACA\system\Database\Database.php(72): CodeIgniter\Database\BaseConnection->initialize()
#2 C:\xampp\htdocs\ITE311-MACA\system\Database\Config.php(109): CodeIgniter\Database\Database->loadForge(Object(CodeIgniter\Database\MySQLi\Connection))
#3 C:\xampp\htdocs\ITE311-MACA\system\Database\Seeder.php(98): CodeIgniter\Database\Config::forge(NULL)
#4 C:\xampp\htdocs\ITE311-MACA\system\Commands\Database\Seed.php(71): CodeIgniter\Database\Seeder->__construct(Object(Config\Database))
#5 C:\xampp\htdocs\ITE311-MACA\system\CLI\Commands.php(74): CodeIgniter\Commands\Database\Seed->run(Array)
#6 C:\xampp\htdocs\ITE311-MACA\system\CLI\Console.php(47): CodeIgniter\CLI\Commands->run('db:seed', Array)
#7 C:\xampp\htdocs\ITE311-MACA\system\Boot.php(388): CodeIgniter\CLI\Console->run()
#8 C:\xampp\htdocs\ITE311-MACA\system\Boot.php(133): CodeIgniter\Boot::runCommand(Object(CodeIgniter\CLI\Console))
#9 C:\xampp\htdocs\ITE311-MACA\spark(87): CodeIgniter\Boot::bootSpark(Object(Config\Paths))
#10 {main}
CRITICAL - 2025-10-25 13:16:34 --> CodeIgniter\Database\Exceptions\DatabaseException: Unable to connect to the database.
Main connection [MySQLi]: Unknown database 'lms_db'
[Method: CLI, Route: db:seed/UserSeeder]
in SYSTEMPATH\Database\BaseConnection.php on line 465.
 1 SYSTEMPATH\Database\Database.php(72): CodeIgniter\Database\BaseConnection->initialize()
 2 SYSTEMPATH\Database\Config.php(109): CodeIgniter\Database\Database->loadForge(Object(CodeIgniter\Database\MySQLi\Connection))
 3 SYSTEMPATH\Database\Seeder.php(98): CodeIgniter\Database\Config::forge(null)
 4 SYSTEMPATH\Commands\Database\Seed.php(71): CodeIgniter\Database\Seeder->__construct(Object(Config\Database))
 5 SYSTEMPATH\CLI\Commands.php(74): CodeIgniter\Commands\Database\Seed->run([...])
 6 SYSTEMPATH\CLI\Console.php(47): CodeIgniter\CLI\Commands->run('db:seed', [...])
 7 SYSTEMPATH\Boot.php(388): CodeIgniter\CLI\Console->run()
 8 SYSTEMPATH\Boot.php(133): CodeIgniter\Boot::runCommand(Object(CodeIgniter\CLI\Console))
 9 ROOTPATH\spark(87): CodeIgniter\Boot::bootSpark(Object(Config\Paths))
DEBUG - 2025-10-25 13:16:51 --> Session: Class initialized using 'App\Libraries\CustomSessionHandler' driver.
DEBUG - 2025-10-25 13:16:51 --> Session: Class initialized using 'App\Libraries\CustomSessionHandler' driver.
CRITICAL - 2025-10-25 13:16:51 --> ParseError: syntax error, unexpected token "public"
[Method: GET, Route: notifications]
in APPPATH\Controllers\Notifications.php on line 89.
 1 SYSTEMPATH\Autoloader\Autoloader.php(295): CodeIgniter\Autoloader\Autoloader->includeFile('C:\\xampp\\htdocs\\ITE311-MACA\\app\\Controllers\\Notifications.php')
 2 SYSTEMPATH\Autoloader\Autoloader.php(271): CodeIgniter\Autoloader\Autoloader->loadInNamespace('App\\Controllers\\Notifications')
 3 [internal function]: CodeIgniter\Autoloader\Autoloader->loadClass('App\\Controllers\\Notifications')
 4 SYSTEMPATH\CodeIgniter.php(885): class_exists('\\App\\Controllers\\Notifications', true)
 5 SYSTEMPATH\CodeIgniter.php(494): CodeIgniter\CodeIgniter->startController()
 6 SYSTEMPATH\CodeIgniter.php(354): CodeIgniter\CodeIgniter->handleRequest(null, Object(Config\Cache), false)
 7 SYSTEMPATH\Boot.php(363): CodeIgniter\CodeIgniter->run()
 8 SYSTEMPATH\Boot.php(68): CodeIgniter\Boot::runCodeIgniter(Object(CodeIgniter\CodeIgniter))
 9 FCPATH\index.php(59): CodeIgniter\Boot::bootWeb(Object(Config\Paths))
DEBUG - 2025-10-25 13:17:54 --> Session: Class initialized using 'App\Libraries\CustomSessionHandler' driver.
DEBUG - 2025-10-25 13:17:57 --> Session: Class initialized using 'App\Libraries\CustomSessionHandler' driver.
INFO - 2025-10-25 13:17:57 --> CSRF token verified.
DEBUG - 2025-10-25 13:18:27 --> Session: Class initialized using 'App\Libraries\CustomSessionHandler' driver.
ERROR - 2025-10-25 13:18:32 --> mysqli_sql_exception: Table 'notifications' already exists in C:\xampp\htdocs\ITE311-MACA\system\Database\MySQLi\Connection.php:327
Stack trace:
#0 C:\xampp\htdocs\ITE311-MACA\system\Database\MySQLi\Connection.php(327): mysqli->query('CREATE TABLE `n...', 0)
#1 C:\xampp\htdocs\ITE311-MACA\system\Database\BaseConnection.php(729): CodeIgniter\Database\MySQLi\Connection->execute('CREATE TABLE `n...')
#2 C:\xampp\htdocs\ITE311-MACA\system\Database\BaseConnection.php(646): CodeIgniter\Database\BaseConnection->simpleQuery('CREATE TABLE `n...')
#3 C:\xampp\htdocs\ITE311-MACA\system\Database\Forge.php(570): CodeIgniter\Database\BaseConnection->query('CREATE TABLE `n...')
#4 C:\xampp\htdocs\ITE311-MACA\app\Database\Migrations\2025-10-25-131806_CreateNotificationsTable.php(40): CodeIgniter\Database\Forge->createTable('notifications')
#5 C:\xampp\htdocs\ITE311-MACA\system\Database\MigrationRunner.php(876): App\Database\Migrations\CreateNotificationsTable->up()
#6 C:\xampp\htdocs\ITE311-MACA\system\Database\MigrationRunner.php(182): CodeIgniter\Database\MigrationRunner->migrate('up', Object(stdClass))
#7 C:\xampp\htdocs\ITE311-MACA\system\Commands\Database\Migrate.php(85): CodeIgniter\Database\MigrationRunner->latest(NULL)
#8 C:\xampp\htdocs\ITE311-MACA\system\CLI\Commands.php(74): CodeIgniter\Commands\Database\Migrate->run(Array)
#9 C:\xampp\htdocs\ITE311-MACA\system\CLI\Console.php(47): CodeIgniter\CLI\Commands->run('migrate', Array)
#10 C:\xampp\htdocs\ITE311-MACA\system\Boot.php(388): CodeIgniter\CLI\Console->run()
#11 C:\xampp\htdocs\ITE311-MACA\system\Boot.php(133): CodeIgniter\Boot::runCommand(Object(CodeIgniter\CLI\Console))
#12 C:\xampp\htdocs\ITE311-MACA\spark(87): CodeIgniter\Boot::bootSpark(Object(Config\Paths))
#13 {main}
CRITICAL - 2025-10-25 13:18:32 --> ErrorException: require(C:\xampp\htdocs\ITE311-MACA\app\Views/errors/cli/error_exception.php): Failed to open stream: No such file or directory
[Method: CLI, Route: migrate]
in SYSTEMPATH\CLI\BaseCommand.php on line 133.
 1 SYSTEMPATH\CLI\BaseCommand.php(133): CodeIgniter\Debug\Exceptions->errorHandler(2, 'require(C:\\xampp\\htdocs\\ITE311-MACA\\app\\Views/errors/cli/error_exception.php): Failed to open stream: No such file or directory', 'C:\\xampp\\htdocs\\ITE311-MACA\\system\\CLI\\BaseCommand.php', 133)
 2 SYSTEMPATH\CLI\BaseCommand.php(133): require()
 3 SYSTEMPATH\Commands\Database\Migrate.php(99): CodeIgniter\CLI\BaseCommand->showError(Object(CodeIgniter\Database\Exceptions\DatabaseException))
 4 SYSTEMPATH\CLI\Commands.php(74): CodeIgniter\Commands\Database\Migrate->run([])
 5 SYSTEMPATH\CLI\Console.php(47): CodeIgniter\CLI\Commands->run('migrate', [])
 6 SYSTEMPATH\Boot.php(388): CodeIgniter\CLI\Console->run()
 7 SYSTEMPATH\Boot.php(133): CodeIgniter\Boot::runCommand(Object(CodeIgniter\CLI\Console))
 8 ROOTPATH\spark(87): CodeIgniter\Boot::bootSpark(Object(Config\Paths))
ERROR - 2025-10-25 13:19:57 --> mysqli_sql_exception: Table 'notifications' already exists in C:\xampp\htdocs\ITE311-MACA\system\Database\MySQLi\Connection.php:327
Stack trace:
#0 C:\xampp\htdocs\ITE311-MACA\system\Database\MySQLi\Connection.php(327): mysqli->query('CREATE TABLE `n...', 0)
#1 C:\xampp\htdocs\ITE311-MACA\system\Database\BaseConnection.php(729): CodeIgniter\Database\MySQLi\Connection->execute('CREATE TABLE `n...')
#2 C:\xampp\htdocs\ITE311-MACA\system\Database\BaseConnection.php(646): CodeIgniter\Database\BaseConnection->simpleQuery('CREATE TABLE `n...')
#3 C:\xampp\htdocs\ITE311-MACA\system\Database\Forge.php(570): CodeIgniter\Database\BaseConnection->query('CREATE TABLE `n...')
#4 C:\xampp\htdocs\ITE311-MACA\app\Database\Migrations\2025-10-25-131806_CreateNotificationsTable.php(40): CodeIgniter\Database\Forge->createTable('notifications')
#5 C:\xampp\htdocs\ITE311-MACA\system\Database\MigrationRunner.php(876): App\Database\Migrations\CreateNotificationsTable->up()
#6 C:\xampp\htdocs\ITE311-MACA\system\Database\MigrationRunner.php(182): CodeIgniter\Database\MigrationRunner->migrate('up', Object(stdClass))
#7 C:\xampp\htdocs\ITE311-MACA\system\Commands\Database\Migrate.php(85): CodeIgniter\Database\MigrationRunner->latest(NULL)
#8 C:\xampp\htdocs\ITE311-MACA\system\CLI\Commands.php(74): CodeIgniter\Commands\Database\Migrate->run(Array)
#9 C:\xampp\htdocs\ITE311-MACA\system\CLI\Console.php(47): CodeIgniter\CLI\Commands->run('migrate', Array)
#10 C:\xampp\htdocs\ITE311-MACA\system\Boot.php(388): CodeIgniter\CLI\Console->run()
#11 C:\xampp\htdocs\ITE311-MACA\system\Boot.php(133): CodeIgniter\Boot::runCommand(Object(CodeIgniter\CLI\Console))
#12 C:\xampp\htdocs\ITE311-MACA\spark(87): CodeIgniter\Boot::bootSpark(Object(Config\Paths))
#13 {main}
CRITICAL - 2025-10-25 13:19:57 --> ErrorException: require(C:\xampp\htdocs\ITE311-MACA\app\Views/errors/cli/error_exception.php): Failed to open stream: No such file or directory
[Method: CLI, Route: migrate]
in SYSTEMPATH\CLI\BaseCommand.php on line 133.
 1 SYSTEMPATH\CLI\BaseCommand.php(133): CodeIgniter\Debug\Exceptions->errorHandler(2, 'require(C:\\xampp\\htdocs\\ITE311-MACA\\app\\Views/errors/cli/error_exception.php): Failed to open stream: No such file or directory', 'C:\\xampp\\htdocs\\ITE311-MACA\\system\\CLI\\BaseCommand.php', 133)
 2 SYSTEMPATH\CLI\BaseCommand.php(133): require()
 3 SYSTEMPATH\Commands\Database\Migrate.php(99): CodeIgniter\CLI\BaseCommand->showError(Object(CodeIgniter\Database\Exceptions\DatabaseException))
 4 SYSTEMPATH\CLI\Commands.php(74): CodeIgniter\Commands\Database\Migrate->run([])
 5 SYSTEMPATH\CLI\Console.php(47): CodeIgniter\CLI\Commands->run('migrate', [])
 6 SYSTEMPATH\Boot.php(388): CodeIgniter\CLI\Console->run()
 7 SYSTEMPATH\Boot.php(133): CodeIgniter\Boot::runCommand(Object(CodeIgniter\CLI\Console))
 8 ROOTPATH\spark(87): CodeIgniter\Boot::bootSpark(Object(Config\Paths))
ERROR - 2025-10-25 13:21:04 --> mysqli_sql_exception: Table 'notifications' already exists in C:\xampp\htdocs\ITE311-MACA\system\Database\MySQLi\Connection.php:327
Stack trace:
#0 C:\xampp\htdocs\ITE311-MACA\system\Database\MySQLi\Connection.php(327): mysqli->query('CREATE TABLE `n...', 0)
#1 C:\xampp\htdocs\ITE311-MACA\system\Database\BaseConnection.php(729): CodeIgniter\Database\MySQLi\Connection->execute('CREATE TABLE `n...')
#2 C:\xampp\htdocs\ITE311-MACA\system\Database\BaseConnection.php(646): CodeIgniter\Database\BaseConnection->simpleQuery('CREATE TABLE `n...')
#3 C:\xampp\htdocs\ITE311-MACA\system\Database\Forge.php(570): CodeIgniter\Database\BaseConnection->query('CREATE TABLE `n...')
#4 C:\xampp\htdocs\ITE311-MACA\app\Database\Migrations\2025-10-25-131806_CreateNotificationsTable.php(40): CodeIgniter\Database\Forge->createTable('notifications')
#5 C:\xampp\htdocs\ITE311-MACA\system\Database\MigrationRunner.php(876): App\Database\Migrations\CreateNotificationsTable->up()
#6 C:\xampp\htdocs\ITE311-MACA\system\Database\MigrationRunner.php(182): CodeIgniter\Database\MigrationRunner->migrate('up', Object(stdClass))
#7 C:\xampp\htdocs\ITE311-MACA\system\Commands\Database\Migrate.php(85): CodeIgniter\Database\MigrationRunner->latest(NULL)
#8 C:\xampp\htdocs\ITE311-MACA\system\CLI\Commands.php(74): CodeIgniter\Commands\Database\Migrate->run(Array)
#9 C:\xampp\htdocs\ITE311-MACA\system\CLI\Console.php(47): CodeIgniter\CLI\Commands->run('migrate', Array)
#10 C:\xampp\htdocs\ITE311-MACA\system\Boot.php(388): CodeIgniter\CLI\Console->run()
#11 C:\xampp\htdocs\ITE311-MACA\system\Boot.php(133): CodeIgniter\Boot::runCommand(Object(CodeIgniter\CLI\Console))
#12 C:\xampp\htdocs\ITE311-MACA\spark(87): CodeIgniter\Boot::bootSpark(Object(Config\Paths))
#13 {main}
CRITICAL - 2025-10-25 13:21:04 --> ErrorException: require(C:\xampp\htdocs\ITE311-MACA\app\Views/errors/cli/error_exception.php): Failed to open stream: No such file or directory
[Method: CLI, Route: migrate]
in SYSTEMPATH\CLI\BaseCommand.php on line 133.
 1 SYSTEMPATH\CLI\BaseCommand.php(133): CodeIgniter\Debug\Exceptions->errorHandler(2, 'require(C:\\xampp\\htdocs\\ITE311-MACA\\app\\Views/errors/cli/error_exception.php): Failed to open stream: No such file or directory', 'C:\\xampp\\htdocs\\ITE311-MACA\\system\\CLI\\BaseCommand.php', 133)
 2 SYSTEMPATH\CLI\BaseCommand.php(133): require()
 3 SYSTEMPATH\Commands\Database\Migrate.php(99): CodeIgniter\CLI\BaseCommand->showError(Object(CodeIgniter\Database\Exceptions\DatabaseException))
 4 SYSTEMPATH\CLI\Commands.php(74): CodeIgniter\Commands\Database\Migrate->run([...])
 5 SYSTEMPATH\CLI\Console.php(47): CodeIgniter\CLI\Commands->run('migrate', [...])
 6 SYSTEMPATH\Boot.php(388): CodeIgniter\CLI\Console->run()
 7 SYSTEMPATH\Boot.php(133): CodeIgniter\Boot::runCommand(Object(CodeIgniter\CLI\Console))
 8 ROOTPATH\spark(87): CodeIgniter\Boot::bootSpark(Object(Config\Paths))
DEBUG - 2025-10-25 13:21:12 --> Session: Class initialized using 'App\Libraries\CustomSessionHandler' driver.
DEBUG - 2025-10-25 13:29:23 --> Session: Class initialized using 'App\Libraries\CustomSessionHandler' driver.
DEBUG - 2025-10-25 13:29:24 --> Session: Class initialized using 'App\Libraries\CustomSessionHandler' driver.
DEBUG - 2025-10-25 13:29:26 --> Session: Class initialized using 'App\Libraries\CustomSessionHandler' driver.
DEBUG - 2025-10-25 13:29:27 --> Session: Class initialized using 'App\Libraries\CustomSessionHandler' driver.
DEBUG - 2025-10-25 13:29:31 --> Session: Class initialized using 'App\Libraries\CustomSessionHandler' driver.
DEBUG - 2025-10-25 13:29:32 --> Session: Class initialized using 'App\Libraries\CustomSessionHandler' driver.
DEBUG - 2025-10-25 13:29:35 --> Session: Class initialized using 'App\Libraries\CustomSessionHandler' driver.
INFO - 2025-10-25 13:29:35 --> CSRF token verified.
DEBUG - 2025-10-25 13:29:38 --> Session: Class initialized using 'App\Libraries\CustomSessionHandler' driver.
DEBUG - 2025-10-25 13:29:39 --> Session: Class initialized using 'App\Libraries\CustomSessionHandler' driver.
DEBUG - 2025-10-25 13:29:45 --> Session: Class initialized using 'App\Libraries\CustomSessionHandler' driver.
DEBUG - 2025-10-25 13:29:45 --> Session: Class initialized using 'App\Libraries\CustomSessionHandler' driver.
DEBUG - 2025-10-25 13:29:57 --> Session: Class initialized using 'App\Libraries\CustomSessionHandler' driver.
DEBUG - 2025-10-25 13:29:58 --> Session: Class initialized using 'App\Libraries\CustomSessionHandler' driver.
DEBUG - 2025-10-25 13:30:43 --> Session: Class initialized using 'App\Libraries\CustomSessionHandler' driver.
DEBUG - 2025-10-25 13:30:43 --> Session: Class initialized using 'App\Libraries\CustomSessionHandler' driver.
DEBUG - 2025-10-25 13:30:58 --> Session: Class initialized using 'App\Libraries\CustomSessionHandler' driver.
DEBUG - 2025-10-25 13:31:58 --> Session: Class initialized using 'App\Libraries\CustomSessionHandler' driver.
DEBUG - 2025-10-25 13:32:58 --> Session: Class initialized using 'App\Libraries\CustomSessionHandler' driver.
DEBUG - 2025-10-25 13:33:58 --> Session: Class initialized using 'App\Libraries\CustomSessionHandler' driver.
DEBUG - 2025-10-25 13:34:58 --> Session: Class initialized using 'App\Libraries\CustomSessionHandler' driver.
DEBUG - 2025-10-25 13:35:58 --> Session: Class initialized using 'App\Libraries\CustomSessionHandler' driver.
DEBUG - 2025-10-25 13:36:58 --> Session: Class initialized using 'App\Libraries\CustomSessionHandler' driver.
DEBUG - 2025-10-25 13:37:05 --> Session: Class initialized using 'App\Libraries\CustomSessionHandler' driver.
DEBUG - 2025-10-25 13:37:06 --> Session: Class initialized using 'App\Libraries\CustomSessionHandler' driver.
DEBUG - 2025-10-25 13:37:07 --> Session: Class initialized using 'App\Libraries\CustomSessionHandler' driver.
INFO - 2025-10-25 13:37:07 --> CSRF token verified.
DEBUG - 2025-10-25 13:37:10 --> Session: Class initialized using 'App\Libraries\CustomSessionHandler' driver.
DEBUG - 2025-10-25 13:37:11 --> Session: Class initialized using 'App\Libraries\CustomSessionHandler' driver.
DEBUG - 2025-10-25 13:37:54 --> Session: Class initialized using 'App\Libraries\CustomSessionHandler' driver.
DEBUG - 2025-10-25 13:37:54 --> Session: Class initialized using 'App\Libraries\CustomSessionHandler' driver.
DEBUG - 2025-10-25 13:38:54 --> Session: Class initialized using 'App\Libraries\CustomSessionHandler' driver.
DEBUG - 2025-10-25 13:39:24 --> Session: Class initialized using 'App\Libraries\CustomSessionHandler' driver.
DEBUG - 2025-10-25 13:39:25 --> Session: Class initialized using 'App\Libraries\CustomSessionHandler' driver.
DEBUG - 2025-10-25 13:39:45 --> Session: Class initialized using 'App\Libraries\CustomSessionHandler' driver.
DEBUG - 2025-10-25 13:39:45 --> Session: Class initialized using 'App\Libraries\CustomSessionHandler' driver.
DEBUG - 2025-10-25 13:40:25 --> Session: Class initialized using 'App\Libraries\CustomSessionHandler' driver.
DEBUG - 2025-10-25 13:40:29 --> Session: Class initialized using 'App\Libraries\CustomSessionHandler' driver.
DEBUG - 2025-10-25 13:40:39 --> Session: Class initialized using 'App\Libraries\CustomSessionHandler' driver.
DEBUG - 2025-10-25 13:40:40 --> Session: Class initialized using 'App\Libraries\CustomSessionHandler' driver.
DEBUG - 2025-10-25 13:41:40 --> Session: Class initialized using 'App\Libraries\CustomSessionHandler' driver.
DEBUG - 2025-10-25 13:42:40 --> Session: Class initialized using 'App\Libraries\CustomSessionHandler' driver.
DEBUG - 2025-10-25 13:43:40 --> Session: Class initialized using 'App\Libraries\CustomSessionHandler' driver.
DEBUG - 2025-10-25 13:44:40 --> Session: Class initialized using 'App\Libraries\CustomSessionHandler' driver.
DEBUG - 2025-10-25 13:45:40 --> Session: Class initialized using 'App\Libraries\CustomSessionHandler' driver.
DEBUG - 2025-10-25 13:46:40 --> Session: Class initialized using 'App\Libraries\CustomSessionHandler' driver.
DEBUG - 2025-10-25 13:47:41 --> Session: Class initialized using 'App\Libraries\CustomSessionHandler' driver.
DEBUG - 2025-10-25 13:48:48 --> Session: Class initialized using 'App\Libraries\CustomSessionHandler' driver.
DEBUG - 2025-10-25 13:49:48 --> Session: Class initialized using 'App\Libraries\CustomSessionHandler' driver.
ERROR - 2025-10-25 13:50:40 --> mysqli_sql_exception: Table 'hms_g9.notifications' doesn't exist in C:\xampp\htdocs\ITE311-MACA\system\Database\MySQLi\Connection.php:327
Stack trace:
#0 C:\xampp\htdocs\ITE311-MACA\system\Database\MySQLi\Connection.php(327): mysqli->query('SELECT COUNT(*)...', 0)
#1 C:\xampp\htdocs\ITE311-MACA\system\Database\BaseConnection.php(729): CodeIgniter\Database\MySQLi\Connection->execute('SELECT COUNT(*)...')
#2 C:\xampp\htdocs\ITE311-MACA\system\Database\BaseConnection.php(646): CodeIgniter\Database\BaseConnection->simpleQuery('SELECT COUNT(*)...')
#3 C:\xampp\htdocs\ITE311-MACA\system\Database\BaseBuilder.php(1733): CodeIgniter\Database\BaseConnection->query('SELECT COUNT(*)...', Array, false)
#4 C:\xampp\htdocs\ITE311-MACA\system\Model.php(675): CodeIgniter\Database\BaseBuilder->countAllResults(true)
#5 C:\xampp\htdocs\ITE311-MACA\app\Models\NotificationModel.php(23): CodeIgniter\Model->countAllResults()
#6 C:\xampp\htdocs\ITE311-MACA\app\Controllers\Notifications.php(27): App\Models\NotificationModel->getUnreadCount(2)
#7 C:\xampp\htdocs\ITE311-MACA\system\CodeIgniter.php(933): App\Controllers\Notifications->get()
#8 C:\xampp\htdocs\ITE311-MACA\system\CodeIgniter.php(507): CodeIgniter\CodeIgniter->runController(Object(App\Controllers\Notifications))
#9 C:\xampp\htdocs\ITE311-MACA\system\CodeIgniter.php(354): CodeIgniter\CodeIgniter->handleRequest(NULL, Object(Config\Cache), false)
#10 C:\xampp\htdocs\ITE311-MACA\system\Boot.php(363): CodeIgniter\CodeIgniter->run()
#11 C:\xampp\htdocs\ITE311-MACA\system\Boot.php(68): CodeIgniter\Boot::runCodeIgniter(Object(CodeIgniter\CodeIgniter))
#12 C:\xampp\htdocs\ITE311-MACA\public\index.php(59): CodeIgniter\Boot::bootWeb(Object(Config\Paths))
#13 {main}
CRITICAL - 2025-10-25 13:50:40 --> CodeIgniter\Database\Exceptions\DatabaseException: Table 'hms_g9.notifications' doesn't exist
[Method: GET, Route: notifications]
in SYSTEMPATH\Database\BaseConnection.php on line 684.
 1 SYSTEMPATH\Database\BaseBuilder.php(1733): CodeIgniter\Database\BaseConnection->query('SELECT COUNT(*) AS `numrows`
FROM `notifications`
WHERE `user_id` = :user_id:
AND `is_read` = :is_read:', [...], false)
 2 SYSTEMPATH\Model.php(675): CodeIgniter\Database\BaseBuilder->countAllResults(true)
 3 APPPATH\Models\NotificationModel.php(23): CodeIgniter\Model->countAllResults()
 4 APPPATH\Controllers\Notifications.php(27): App\Models\NotificationModel->getUnreadCount(2)
 5 SYSTEMPATH\CodeIgniter.php(933): App\Controllers\Notifications->get()
 6 SYSTEMPATH\CodeIgniter.php(507): CodeIgniter\CodeIgniter->runController(Object(App\Controllers\Notifications))
 7 SYSTEMPATH\CodeIgniter.php(354): CodeIgniter\CodeIgniter->handleRequest(null, Object(Config\Cache), false)
 8 SYSTEMPATH\Boot.php(363): CodeIgniter\CodeIgniter->run()
 9 SYSTEMPATH\Boot.php(68): CodeIgniter\Boot::runCodeIgniter(Object(CodeIgniter\CodeIgniter))
10 FCPATH\index.php(59): CodeIgniter\Boot::bootWeb(Object(Config\Paths))
CRITICAL - 2025-10-25 13:50:40 --> [Caused by] CodeIgniter\Database\Exceptions\DatabaseException: Table 'hms_g9.notifications' doesn't exist
in SYSTEMPATH\Database\MySQLi\Connection.php on line 332.
 1 SYSTEMPATH\Database\BaseConnection.php(729): CodeIgniter\Database\MySQLi\Connection->execute('SELECT COUNT(*) AS `numrows`
FROM `notifications`
WHERE `user_id` = 2
AND `is_read` = 0')
 2 SYSTEMPATH\Database\BaseConnection.php(646): CodeIgniter\Database\BaseConnection->simpleQuery('SELECT COUNT(*) AS `numrows`
FROM `notifications`
WHERE `user_id` = 2
AND `is_read` = 0')
 3 SYSTEMPATH\Database\BaseBuilder.php(1733): CodeIgniter\Database\BaseConnection->query('SELECT COUNT(*) AS `numrows`
FROM `notifications`
WHERE `user_id` = :user_id:
AND `is_read` = :is_read:', [...], false)
 4 SYSTEMPATH\Model.php(675): CodeIgniter\Database\BaseBuilder->countAllResults(true)
 5 APPPATH\Models\NotificationModel.php(23): CodeIgniter\Model->countAllResults()
 6 APPPATH\Controllers\Notifications.php(27): App\Models\NotificationModel->getUnreadCount(2)
 7 SYSTEMPATH\CodeIgniter.php(933): App\Controllers\Notifications->get()
 8 SYSTEMPATH\CodeIgniter.php(507): CodeIgniter\CodeIgniter->runController(Object(App\Controllers\Notifications))
 9 SYSTEMPATH\CodeIgniter.php(354): CodeIgniter\CodeIgniter->handleRequest(null, Object(Config\Cache), false)
10 SYSTEMPATH\Boot.php(363): CodeIgniter\CodeIgniter->run()
11 SYSTEMPATH\Boot.php(68): CodeIgniter\Boot::runCodeIgniter(Object(CodeIgniter\CodeIgniter))
12 FCPATH\index.php(59): CodeIgniter\Boot::bootWeb(Object(Config\Paths))
CRITICAL - 2025-10-25 13:50:40 --> [Caused by] mysqli_sql_exception: Table 'hms_g9.notifications' doesn't exist
in SYSTEMPATH\Database\MySQLi\Connection.php on line 327.
 1 SYSTEMPATH\Database\MySQLi\Connection.php(327): mysqli->query('SELECT COUNT(*) AS `numrows`
FROM `notifications`
WHERE `user_id` = 2
AND `is_read` = 0', 0)
 2 SYSTEMPATH\Database\BaseConnection.php(729): CodeIgniter\Database\MySQLi\Connection->execute('SELECT COUNT(*) AS `numrows`
FROM `notifications`
WHERE `user_id` = 2
AND `is_read` = 0')
 3 SYSTEMPATH\Database\BaseConnection.php(646): CodeIgniter\Database\BaseConnection->simpleQuery('SELECT COUNT(*) AS `numrows`
FROM `notifications`
WHERE `user_id` = 2
AND `is_read` = 0')
 4 SYSTEMPATH\Database\BaseBuilder.php(1733): CodeIgniter\Database\BaseConnection->query('SELECT COUNT(*) AS `numrows`
FROM `notifications`
WHERE `user_id` = :user_id:
AND `is_read` = :is_read:', [...], false)
 5 SYSTEMPATH\Model.php(675): CodeIgniter\Database\BaseBuilder->countAllResults(true)
 6 APPPATH\Models\NotificationModel.php(23): CodeIgniter\Model->countAllResults()
 7 APPPATH\Controllers\Notifications.php(27): App\Models\NotificationModel->getUnreadCount(2)
 8 SYSTEMPATH\CodeIgniter.php(933): App\Controllers\Notifications->get()
 9 SYSTEMPATH\CodeIgniter.php(507): CodeIgniter\CodeIgniter->runController(Object(App\Controllers\Notifications))
10 SYSTEMPATH\CodeIgniter.php(354): CodeIgniter\CodeIgniter->handleRequest(null, Object(Config\Cache), false)
11 SYSTEMPATH\Boot.php(363): CodeIgniter\CodeIgniter->run()
12 SYSTEMPATH\Boot.php(68): CodeIgniter\Boot::runCodeIgniter(Object(CodeIgniter\CodeIgniter))
13 FCPATH\index.php(59): CodeIgniter\Boot::bootWeb(Object(Config\Paths))
DEBUG - 2025-10-25 13:52:42 --> Session: Class initialized using 'App\Libraries\CustomSessionHandler' driver.
DEBUG - 2025-10-25 13:52:42 --> Session: Class initialized using 'App\Libraries\CustomSessionHandler' driver.
DEBUG - 2025-10-25 13:53:43 --> Session: Class initialized using 'App\Libraries\CustomSessionHandler' driver.
DEBUG - 2025-10-25 13:53:43 --> Session: Class initialized using 'App\Libraries\CustomSessionHandler' driver.
DEBUG - 2025-10-25 13:54:44 --> Session: Class initialized using 'App\Libraries\CustomSessionHandler' driver.
DEBUG - 2025-10-25 13:54:44 --> Session: Class initialized using 'App\Libraries\CustomSessionHandler' driver.
